[0.010s] Invoking command in '/workspaces/scott_udemy_ros2/scott_docker_volume/arduinobot_ws/build/arduino_cpp_examples': CMAKE_PREFIX_PATH=${CMAKE_PREFIX_PATH}:/workspaces/scott_udemy_ros2/install/arduino_py_examples:/opt/ros/jazzy /usr/bin/cmake /workspaces/scott_udemy_ros2/scott_docker_volume/arduinobot_ws/src/arduino_cpp_examples -DAMENT_CMAKE_SYMLINK_INSTALL=1 -DCMAKE_INSTALL_PREFIX=/workspaces/scott_udemy_ros2/scott_docker_volume/arduinobot_ws/install/arduino_cpp_examples
[0.075s] -- The C compiler identification is GNU 13.2.0
[0.135s] -- The CXX compiler identification is GNU 13.2.0
[0.152s] -- Detecting C compiler ABI info
[0.238s] -- Detecting C compiler ABI info - done
[0.246s] -- Check for working C compiler: /usr/bin/cc - skipped
[0.246s] -- Detecting C compile features
[0.247s] -- Detecting C compile features - done
[0.257s] -- Detecting CXX compiler ABI info
[0.353s] -- Detecting CXX compiler ABI info - done
[0.366s] -- Check for working CXX compiler: /usr/bin/c++ - skipped
[0.366s] -- Detecting CXX compile features
[0.366s] -- Detecting CXX compile features - done
[0.371s] -- Found ament_cmake: 2.5.2 (/opt/ros/jazzy/share/ament_cmake/cmake)
[0.524s] -- Found Python3: /usr/bin/python3 (found version "3.12.3") found components: Interpreter 
[0.585s] -- Override CMake install command with custom implementation using symlinks instead of copying resources
[0.645s] -- Found ament_lint_auto: 0.17.1 (/opt/ros/jazzy/share/ament_lint_auto/cmake)
[0.745s] -- Added test 'lint_cmake' to check CMake code style
[0.746s] -- Added test 'xmllint' to check XML markup files
[0.747s] -- Configuring done (0.7s)
[0.749s] -- Generating done (0.0s)
[0.750s] -- Build files have been written to: /workspaces/scott_udemy_ros2/scott_docker_volume/arduinobot_ws/build/arduino_cpp_examples
[0.754s] Invoked command in '/workspaces/scott_udemy_ros2/scott_docker_volume/arduinobot_ws/build/arduino_cpp_examples' returned '0': CMAKE_PREFIX_PATH=${CMAKE_PREFIX_PATH}:/workspaces/scott_udemy_ros2/install/arduino_py_examples:/opt/ros/jazzy /usr/bin/cmake /workspaces/scott_udemy_ros2/scott_docker_volume/arduinobot_ws/src/arduino_cpp_examples -DAMENT_CMAKE_SYMLINK_INSTALL=1 -DCMAKE_INSTALL_PREFIX=/workspaces/scott_udemy_ros2/scott_docker_volume/arduinobot_ws/install/arduino_cpp_examples
[0.755s] Invoking command in '/workspaces/scott_udemy_ros2/scott_docker_volume/arduinobot_ws/build/arduino_cpp_examples': CMAKE_PREFIX_PATH=${CMAKE_PREFIX_PATH}:/workspaces/scott_udemy_ros2/install/arduino_py_examples:/opt/ros/jazzy /usr/bin/cmake --build /workspaces/scott_udemy_ros2/scott_docker_volume/arduinobot_ws/build/arduino_cpp_examples -- -j24 -l24
[0.791s] Invoked command in '/workspaces/scott_udemy_ros2/scott_docker_volume/arduinobot_ws/build/arduino_cpp_examples' returned '0': CMAKE_PREFIX_PATH=${CMAKE_PREFIX_PATH}:/workspaces/scott_udemy_ros2/install/arduino_py_examples:/opt/ros/jazzy /usr/bin/cmake --build /workspaces/scott_udemy_ros2/scott_docker_volume/arduinobot_ws/build/arduino_cpp_examples -- -j24 -l24
[0.822s] Invoking command in '/workspaces/scott_udemy_ros2/scott_docker_volume/arduinobot_ws/build/arduino_cpp_examples': CMAKE_PREFIX_PATH=${CMAKE_PREFIX_PATH}:/workspaces/scott_udemy_ros2/install/arduino_py_examples:/opt/ros/jazzy /usr/bin/cmake --install /workspaces/scott_udemy_ros2/scott_docker_volume/arduinobot_ws/build/arduino_cpp_examples
[0.831s] -- Install configuration: ""
[0.832s] -- Execute custom install script
[0.832s] -- Symlinking: /workspaces/scott_udemy_ros2/scott_docker_volume/arduinobot_ws/install/arduino_cpp_examples/share/ament_index/resource_index/package_run_dependencies/arduino_cpp_examples
[0.841s] -- Symlinking: /workspaces/scott_udemy_ros2/scott_docker_volume/arduinobot_ws/install/arduino_cpp_examples/share/ament_index/resource_index/parent_prefix_path/arduino_cpp_examples
[0.847s] -- Symlinking: /workspaces/scott_udemy_ros2/scott_docker_volume/arduinobot_ws/install/arduino_cpp_examples/share/arduino_cpp_examples/environment/ament_prefix_path.sh
[0.855s] -- Symlinking: /workspaces/scott_udemy_ros2/scott_docker_volume/arduinobot_ws/install/arduino_cpp_examples/share/arduino_cpp_examples/environment/ament_prefix_path.dsv
[0.860s] -- Symlinking: /workspaces/scott_udemy_ros2/scott_docker_volume/arduinobot_ws/install/arduino_cpp_examples/share/arduino_cpp_examples/environment/path.sh
[0.866s] -- Symlinking: /workspaces/scott_udemy_ros2/scott_docker_volume/arduinobot_ws/install/arduino_cpp_examples/share/arduino_cpp_examples/environment/path.dsv
[0.873s] -- Symlinking: /workspaces/scott_udemy_ros2/scott_docker_volume/arduinobot_ws/install/arduino_cpp_examples/share/arduino_cpp_examples/local_setup.bash
[0.882s] -- Symlinking: /workspaces/scott_udemy_ros2/scott_docker_volume/arduinobot_ws/install/arduino_cpp_examples/share/arduino_cpp_examples/local_setup.sh
[0.890s] -- Symlinking: /workspaces/scott_udemy_ros2/scott_docker_volume/arduinobot_ws/install/arduino_cpp_examples/share/arduino_cpp_examples/local_setup.zsh
[0.897s] -- Symlinking: /workspaces/scott_udemy_ros2/scott_docker_volume/arduinobot_ws/install/arduino_cpp_examples/share/arduino_cpp_examples/local_setup.dsv
[0.906s] -- Symlinking: /workspaces/scott_udemy_ros2/scott_docker_volume/arduinobot_ws/install/arduino_cpp_examples/share/arduino_cpp_examples/package.dsv
[0.915s] -- Symlinking: /workspaces/scott_udemy_ros2/scott_docker_volume/arduinobot_ws/install/arduino_cpp_examples/share/ament_index/resource_index/packages/arduino_cpp_examples
[0.921s] -- Symlinking: /workspaces/scott_udemy_ros2/scott_docker_volume/arduinobot_ws/install/arduino_cpp_examples/share/arduino_cpp_examples/cmake/arduino_cpp_examplesConfig.cmake
[0.931s] -- Symlinking: /workspaces/scott_udemy_ros2/scott_docker_volume/arduinobot_ws/install/arduino_cpp_examples/share/arduino_cpp_examples/cmake/arduino_cpp_examplesConfig-version.cmake
[0.941s] -- Symlinking: /workspaces/scott_udemy_ros2/scott_docker_volume/arduinobot_ws/install/arduino_cpp_examples/share/arduino_cpp_examples/package.xml
[0.953s] Invoked command in '/workspaces/scott_udemy_ros2/scott_docker_volume/arduinobot_ws/build/arduino_cpp_examples' returned '0': CMAKE_PREFIX_PATH=${CMAKE_PREFIX_PATH}:/workspaces/scott_udemy_ros2/install/arduino_py_examples:/opt/ros/jazzy /usr/bin/cmake --install /workspaces/scott_udemy_ros2/scott_docker_volume/arduinobot_ws/build/arduino_cpp_examples
