[0.011s] Invoking command in '/workspaces/scott_udemy_ros2/scott_docker_volume/arduinobot_ws/build/arduinobot_cpp_examples': CMAKE_PREFIX_PATH=${CMAKE_PREFIX_PATH}:/workspaces/scott_udemy_ros2/scott_docker_volume/arduinobot_ws/install/arduino_py_examples:/workspaces/scott_udemy_ros2/install/arduino_py_examples:/opt/ros/jazzy /usr/bin/cmake /workspaces/scott_udemy_ros2/scott_docker_volume/arduinobot_ws/src/arduinobot_cpp_examples -DAMENT_CMAKE_SYMLINK_INSTALL=1 -DCMAKE_INSTALL_PREFIX=/workspaces/scott_udemy_ros2/scott_docker_volume/arduinobot_ws/install/arduinobot_cpp_examples
[0.067s] -- The C compiler identification is GNU 13.2.0
[0.129s] -- The CXX compiler identification is GNU 13.2.0
[0.145s] -- Detecting C compiler ABI info
[0.237s] -- Detecting C compiler ABI info - done
[0.249s] -- Check for working C compiler: /usr/bin/cc - skipped
[0.249s] -- Detecting C compile features
[0.250s] -- Detecting C compile features - done
[0.257s] -- Detecting CXX compiler ABI info
[0.350s] -- Detecting CXX compiler ABI info - done
[0.362s] -- Check for working CXX compiler: /usr/bin/c++ - skipped
[0.363s] -- Detecting CXX compile features
[0.363s] -- Detecting CXX compile features - done
[0.367s] -- Found ament_cmake: 2.5.2 (/opt/ros/jazzy/share/ament_cmake/cmake)
[0.518s] -- Found Python3: /usr/bin/python3 (found version "3.12.3") found components: Interpreter 
[0.576s] -- Override CMake install command with custom implementation using symlinks instead of copying resources
[0.636s] -- Found ament_lint_auto: 0.17.1 (/opt/ros/jazzy/share/ament_lint_auto/cmake)
[0.731s] -- Added test 'lint_cmake' to check CMake code style
[0.732s] -- Added test 'xmllint' to check XML markup files
[0.733s] -- Configuring done (0.7s)
[0.735s] -- Generating done (0.0s)
[0.736s] -- Build files have been written to: /workspaces/scott_udemy_ros2/scott_docker_volume/arduinobot_ws/build/arduinobot_cpp_examples
[0.740s] Invoked command in '/workspaces/scott_udemy_ros2/scott_docker_volume/arduinobot_ws/build/arduinobot_cpp_examples' returned '0': CMAKE_PREFIX_PATH=${CMAKE_PREFIX_PATH}:/workspaces/scott_udemy_ros2/scott_docker_volume/arduinobot_ws/install/arduino_py_examples:/workspaces/scott_udemy_ros2/install/arduino_py_examples:/opt/ros/jazzy /usr/bin/cmake /workspaces/scott_udemy_ros2/scott_docker_volume/arduinobot_ws/src/arduinobot_cpp_examples -DAMENT_CMAKE_SYMLINK_INSTALL=1 -DCMAKE_INSTALL_PREFIX=/workspaces/scott_udemy_ros2/scott_docker_volume/arduinobot_ws/install/arduinobot_cpp_examples
[0.741s] Invoking command in '/workspaces/scott_udemy_ros2/scott_docker_volume/arduinobot_ws/build/arduinobot_cpp_examples': CMAKE_PREFIX_PATH=${CMAKE_PREFIX_PATH}:/workspaces/scott_udemy_ros2/scott_docker_volume/arduinobot_ws/install/arduino_py_examples:/workspaces/scott_udemy_ros2/install/arduino_py_examples:/opt/ros/jazzy /usr/bin/cmake --build /workspaces/scott_udemy_ros2/scott_docker_volume/arduinobot_ws/build/arduinobot_cpp_examples -- -j24 -l24
[0.780s] Invoked command in '/workspaces/scott_udemy_ros2/scott_docker_volume/arduinobot_ws/build/arduinobot_cpp_examples' returned '0': CMAKE_PREFIX_PATH=${CMAKE_PREFIX_PATH}:/workspaces/scott_udemy_ros2/scott_docker_volume/arduinobot_ws/install/arduino_py_examples:/workspaces/scott_udemy_ros2/install/arduino_py_examples:/opt/ros/jazzy /usr/bin/cmake --build /workspaces/scott_udemy_ros2/scott_docker_volume/arduinobot_ws/build/arduinobot_cpp_examples -- -j24 -l24
[0.810s] Invoking command in '/workspaces/scott_udemy_ros2/scott_docker_volume/arduinobot_ws/build/arduinobot_cpp_examples': CMAKE_PREFIX_PATH=${CMAKE_PREFIX_PATH}:/workspaces/scott_udemy_ros2/scott_docker_volume/arduinobot_ws/install/arduino_py_examples:/workspaces/scott_udemy_ros2/install/arduino_py_examples:/opt/ros/jazzy /usr/bin/cmake --install /workspaces/scott_udemy_ros2/scott_docker_volume/arduinobot_ws/build/arduinobot_cpp_examples
[0.818s] -- Install configuration: ""
[0.819s] -- Execute custom install script
[0.819s] -- Symlinking: /workspaces/scott_udemy_ros2/scott_docker_volume/arduinobot_ws/install/arduinobot_cpp_examples/share/ament_index/resource_index/package_run_dependencies/arduinobot_cpp_examples
[0.828s] -- Symlinking: /workspaces/scott_udemy_ros2/scott_docker_volume/arduinobot_ws/install/arduinobot_cpp_examples/share/ament_index/resource_index/parent_prefix_path/arduinobot_cpp_examples
[0.837s] -- Symlinking: /workspaces/scott_udemy_ros2/scott_docker_volume/arduinobot_ws/install/arduinobot_cpp_examples/share/arduinobot_cpp_examples/environment/ament_prefix_path.sh
[0.845s] -- Symlinking: /workspaces/scott_udemy_ros2/scott_docker_volume/arduinobot_ws/install/arduinobot_cpp_examples/share/arduinobot_cpp_examples/environment/ament_prefix_path.dsv
[0.854s] -- Symlinking: /workspaces/scott_udemy_ros2/scott_docker_volume/arduinobot_ws/install/arduinobot_cpp_examples/share/arduinobot_cpp_examples/environment/path.sh
[0.864s] -- Symlinking: /workspaces/scott_udemy_ros2/scott_docker_volume/arduinobot_ws/install/arduinobot_cpp_examples/share/arduinobot_cpp_examples/environment/path.dsv
[0.872s] -- Symlinking: /workspaces/scott_udemy_ros2/scott_docker_volume/arduinobot_ws/install/arduinobot_cpp_examples/share/arduinobot_cpp_examples/local_setup.bash
[0.881s] -- Symlinking: /workspaces/scott_udemy_ros2/scott_docker_volume/arduinobot_ws/install/arduinobot_cpp_examples/share/arduinobot_cpp_examples/local_setup.sh
[0.888s] -- Symlinking: /workspaces/scott_udemy_ros2/scott_docker_volume/arduinobot_ws/install/arduinobot_cpp_examples/share/arduinobot_cpp_examples/local_setup.zsh
[0.894s] -- Symlinking: /workspaces/scott_udemy_ros2/scott_docker_volume/arduinobot_ws/install/arduinobot_cpp_examples/share/arduinobot_cpp_examples/local_setup.dsv
[0.902s] -- Symlinking: /workspaces/scott_udemy_ros2/scott_docker_volume/arduinobot_ws/install/arduinobot_cpp_examples/share/arduinobot_cpp_examples/package.dsv
[0.911s] -- Symlinking: /workspaces/scott_udemy_ros2/scott_docker_volume/arduinobot_ws/install/arduinobot_cpp_examples/share/ament_index/resource_index/packages/arduinobot_cpp_examples
[0.921s] -- Symlinking: /workspaces/scott_udemy_ros2/scott_docker_volume/arduinobot_ws/install/arduinobot_cpp_examples/share/arduinobot_cpp_examples/cmake/arduinobot_cpp_examplesConfig.cmake
[0.929s] -- Symlinking: /workspaces/scott_udemy_ros2/scott_docker_volume/arduinobot_ws/install/arduinobot_cpp_examples/share/arduinobot_cpp_examples/cmake/arduinobot_cpp_examplesConfig-version.cmake
[0.936s] -- Symlinking: /workspaces/scott_udemy_ros2/scott_docker_volume/arduinobot_ws/install/arduinobot_cpp_examples/share/arduinobot_cpp_examples/package.xml
[0.947s] Invoked command in '/workspaces/scott_udemy_ros2/scott_docker_volume/arduinobot_ws/build/arduinobot_cpp_examples' returned '0': CMAKE_PREFIX_PATH=${CMAKE_PREFIX_PATH}:/workspaces/scott_udemy_ros2/scott_docker_volume/arduinobot_ws/install/arduino_py_examples:/workspaces/scott_udemy_ros2/install/arduino_py_examples:/opt/ros/jazzy /usr/bin/cmake --install /workspaces/scott_udemy_ros2/scott_docker_volume/arduinobot_ws/build/arduinobot_cpp_examples
