[0.077s] DEBUG:colcon:Command line arguments: ['/usr/bin/colcon', 'build', '--symlink-install']
[0.077s] DEBUG:colcon:Parsed command line arguments: Namespace(log_base=None, log_level=None, verb_name='build', build_base='build', install_base='install', merge_install=False, symlink_install=True, test_result_base=None, continue_on_error=False, executor='parallel', parallel_workers=24, event_handlers=None, ignore_user_meta=False, metas=['./colcon.meta'], base_paths=['.'], packages_ignore=None, packages_ignore_regex=None, paths=None, packages_up_to=None, packages_up_to_regex=None, packages_above=None, packages_above_and_dependencies=None, packages_above_depth=None, packages_select_by_dep=None, packages_skip_by_dep=None, packages_skip_up_to=None, packages_select_build_failed=False, packages_skip_build_finished=False, packages_select_test_failures=False, packages_skip_test_passed=False, packages_select=None, packages_skip=None, packages_select_regex=None, packages_skip_regex=None, packages_start=None, packages_end=None, allow_overriding=[], cmake_args=None, cmake_target=None, cmake_target_skip_unavailable=False, cmake_clean_cache=False, cmake_clean_first=False, cmake_force_configure=False, ament_cmake_args=None, catkin_cmake_args=None, catkin_skip_building_tests=False, mixin_files=None, mixin=None, verb_parser=<colcon_mixin.mixin.mixin_argument.MixinArgumentDecorator object at 0x7f718b38b0b0>, verb_extension=<colcon_core.verb.build.BuildVerb object at 0x7f718b4f2180>, main=<bound method BuildVerb.main of <colcon_core.verb.build.BuildVerb object at 0x7f718b4f2180>>, mixin_verb=('build',))
[0.104s] Level 1:colcon.colcon_core.package_discovery:discover_packages(colcon_meta) check parameters
[0.104s] Level 1:colcon.colcon_core.package_discovery:discover_packages(recursive) check parameters
[0.104s] Level 1:colcon.colcon_core.package_discovery:discover_packages(ignore) check parameters
[0.104s] Level 1:colcon.colcon_core.package_discovery:discover_packages(path) check parameters
[0.104s] Level 1:colcon.colcon_core.package_discovery:discover_packages(colcon_meta) discover
[0.104s] Level 1:colcon.colcon_core.package_discovery:discover_packages(recursive) discover
[0.104s] INFO:colcon.colcon_core.package_discovery:Crawling recursively for packages in '/scott_docker_volume/arduinobot_ws/src'
[0.104s] Level 1:colcon.colcon_core.package_identification:_identify(.) by extensions ['ignore', 'ignore_ament_install']
[0.104s] Level 1:colcon.colcon_core.package_identification:_identify(.) by extension 'ignore'
[0.104s] Level 1:colcon.colcon_core.package_identification:_identify(.) by extension 'ignore_ament_install'
[0.104s] Level 1:colcon.colcon_core.package_identification:_identify(.) by extensions ['colcon_pkg']
[0.104s] Level 1:colcon.colcon_core.package_identification:_identify(.) by extension 'colcon_pkg'
[0.104s] Level 1:colcon.colcon_core.package_identification:_identify(.) by extensions ['colcon_meta']
[0.104s] Level 1:colcon.colcon_core.package_identification:_identify(.) by extension 'colcon_meta'
[0.104s] Level 1:colcon.colcon_core.package_identification:_identify(.) by extensions ['ros']
[0.104s] Level 1:colcon.colcon_core.package_identification:_identify(.) by extension 'ros'
[0.122s] Level 1:colcon.colcon_core.package_identification:_identify(.) by extensions ['cmake', 'python']
[0.122s] Level 1:colcon.colcon_core.package_identification:_identify(.) by extension 'cmake'
[0.122s] Level 1:colcon.colcon_core.package_identification:_identify(.) by extension 'python'
[0.122s] Level 1:colcon.colcon_core.package_identification:_identify(.) by extensions ['python_setup_py']
[0.122s] Level 1:colcon.colcon_core.package_identification:_identify(.) by extension 'python_setup_py'
[0.123s] Level 1:colcon.colcon_core.package_identification:_identify(arduino_cpp_examples) by extensions ['ignore', 'ignore_ament_install']
[0.123s] Level 1:colcon.colcon_core.package_identification:_identify(arduino_cpp_examples) by extension 'ignore'
[0.123s] Level 1:colcon.colcon_core.package_identification:_identify(arduino_cpp_examples) by extension 'ignore_ament_install'
[0.123s] Level 1:colcon.colcon_core.package_identification:_identify(arduino_cpp_examples) by extensions ['colcon_pkg']
[0.123s] Level 1:colcon.colcon_core.package_identification:_identify(arduino_cpp_examples) by extension 'colcon_pkg'
[0.123s] Level 1:colcon.colcon_core.package_identification:_identify(arduino_cpp_examples) by extensions ['colcon_meta']
[0.123s] Level 1:colcon.colcon_core.package_identification:_identify(arduino_cpp_examples) by extension 'colcon_meta'
[0.123s] Level 1:colcon.colcon_core.package_identification:_identify(arduino_cpp_examples) by extensions ['ros']
[0.123s] Level 1:colcon.colcon_core.package_identification:_identify(arduino_cpp_examples) by extension 'ros'
[0.124s] DEBUG:colcon.colcon_core.package_identification:Package 'arduino_cpp_examples' with type 'ros.ament_cmake' and name 'arduino_cpp_examples'
[0.124s] Level 1:colcon.colcon_core.package_identification:_identify(arduino_py_examples) by extensions ['ignore', 'ignore_ament_install']
[0.124s] Level 1:colcon.colcon_core.package_identification:_identify(arduino_py_examples) by extension 'ignore'
[0.125s] Level 1:colcon.colcon_core.package_identification:_identify(arduino_py_examples) by extension 'ignore_ament_install'
[0.125s] Level 1:colcon.colcon_core.package_identification:_identify(arduino_py_examples) by extensions ['colcon_pkg']
[0.125s] Level 1:colcon.colcon_core.package_identification:_identify(arduino_py_examples) by extension 'colcon_pkg'
[0.125s] Level 1:colcon.colcon_core.package_identification:_identify(arduino_py_examples) by extensions ['colcon_meta']
[0.125s] Level 1:colcon.colcon_core.package_identification:_identify(arduino_py_examples) by extension 'colcon_meta'
[0.125s] Level 1:colcon.colcon_core.package_identification:_identify(arduino_py_examples) by extensions ['ros']
[0.125s] Level 1:colcon.colcon_core.package_identification:_identify(arduino_py_examples) by extension 'ros'
[0.125s] DEBUG:colcon.colcon_core.package_identification:Package 'arduino_py_examples' with type 'ros.ament_python' and name 'arduino_py_examples'
[0.125s] Level 1:colcon.colcon_core.package_identification:_identify(build) by extensions ['ignore', 'ignore_ament_install']
[0.125s] Level 1:colcon.colcon_core.package_identification:_identify(build) by extension 'ignore'
[0.125s] Level 1:colcon.colcon_core.package_identification:_identify(build) ignored
[0.125s] Level 1:colcon.colcon_core.package_identification:_identify(install) by extensions ['ignore', 'ignore_ament_install']
[0.125s] Level 1:colcon.colcon_core.package_identification:_identify(install) by extension 'ignore'
[0.125s] Level 1:colcon.colcon_core.package_identification:_identify(install) ignored
[0.125s] Level 1:colcon.colcon_core.package_identification:_identify(log) by extensions ['ignore', 'ignore_ament_install']
[0.125s] Level 1:colcon.colcon_core.package_identification:_identify(log) by extension 'ignore'
[0.125s] Level 1:colcon.colcon_core.package_identification:_identify(log) ignored
[0.125s] Level 1:colcon.colcon_core.package_discovery:discover_packages(recursive) using defaults
[0.125s] Level 1:colcon.colcon_core.package_discovery:discover_packages(ignore) discover
[0.125s] Level 1:colcon.colcon_core.package_discovery:discover_packages(ignore) using defaults
[0.126s] Level 1:colcon.colcon_core.package_discovery:discover_packages(path) discover
[0.126s] Level 1:colcon.colcon_core.package_discovery:discover_packages(path) using defaults
[0.138s] Level 1:colcon.colcon_core.package_discovery:discover_packages(prefix_path) check parameters
[0.138s] Level 1:colcon.colcon_core.package_discovery:discover_packages(prefix_path) discover
[0.141s] DEBUG:colcon.colcon_installed_package_information.package_discovery:Found 423 installed packages in /opt/ros/jazzy
[0.142s] Level 1:colcon.colcon_core.package_discovery:discover_packages(prefix_path) using defaults
[0.188s] Level 5:colcon.colcon_core.verb:set package 'arduino_cpp_examples' build argument 'cmake_args' from command line to 'None'
[0.188s] Level 5:colcon.colcon_core.verb:set package 'arduino_cpp_examples' build argument 'cmake_target' from command line to 'None'
[0.188s] Level 5:colcon.colcon_core.verb:set package 'arduino_cpp_examples' build argument 'cmake_target_skip_unavailable' from command line to 'False'
[0.188s] Level 5:colcon.colcon_core.verb:set package 'arduino_cpp_examples' build argument 'cmake_clean_cache' from command line to 'False'
[0.188s] Level 5:colcon.colcon_core.verb:set package 'arduino_cpp_examples' build argument 'cmake_clean_first' from command line to 'False'
[0.188s] Level 5:colcon.colcon_core.verb:set package 'arduino_cpp_examples' build argument 'cmake_force_configure' from command line to 'False'
[0.188s] Level 5:colcon.colcon_core.verb:set package 'arduino_cpp_examples' build argument 'ament_cmake_args' from command line to 'None'
[0.188s] Level 5:colcon.colcon_core.verb:set package 'arduino_cpp_examples' build argument 'catkin_cmake_args' from command line to 'None'
[0.188s] Level 5:colcon.colcon_core.verb:set package 'arduino_cpp_examples' build argument 'catkin_skip_building_tests' from command line to 'False'
[0.188s] DEBUG:colcon.colcon_core.verb:Building package 'arduino_cpp_examples' with the following arguments: {'ament_cmake_args': None, 'build_base': '/scott_docker_volume/arduinobot_ws/src/build/arduino_cpp_examples', 'catkin_cmake_args': None, 'catkin_skip_building_tests': False, 'cmake_args': None, 'cmake_clean_cache': False, 'cmake_clean_first': False, 'cmake_force_configure': False, 'cmake_target': None, 'cmake_target_skip_unavailable': False, 'install_base': '/scott_docker_volume/arduinobot_ws/src/install/arduino_cpp_examples', 'merge_install': False, 'path': '/scott_docker_volume/arduinobot_ws/src/arduino_cpp_examples', 'symlink_install': True, 'test_result_base': None}
[0.188s] Level 5:colcon.colcon_core.verb:set package 'arduino_py_examples' build argument 'cmake_args' from command line to 'None'
[0.188s] Level 5:colcon.colcon_core.verb:set package 'arduino_py_examples' build argument 'cmake_target' from command line to 'None'
[0.188s] Level 5:colcon.colcon_core.verb:set package 'arduino_py_examples' build argument 'cmake_target_skip_unavailable' from command line to 'False'
[0.188s] Level 5:colcon.colcon_core.verb:set package 'arduino_py_examples' build argument 'cmake_clean_cache' from command line to 'False'
[0.188s] Level 5:colcon.colcon_core.verb:set package 'arduino_py_examples' build argument 'cmake_clean_first' from command line to 'False'
[0.188s] Level 5:colcon.colcon_core.verb:set package 'arduino_py_examples' build argument 'cmake_force_configure' from command line to 'False'
[0.188s] Level 5:colcon.colcon_core.verb:set package 'arduino_py_examples' build argument 'ament_cmake_args' from command line to 'None'
[0.188s] Level 5:colcon.colcon_core.verb:set package 'arduino_py_examples' build argument 'catkin_cmake_args' from command line to 'None'
[0.188s] Level 5:colcon.colcon_core.verb:set package 'arduino_py_examples' build argument 'catkin_skip_building_tests' from command line to 'False'
[0.188s] DEBUG:colcon.colcon_core.verb:Building package 'arduino_py_examples' with the following arguments: {'ament_cmake_args': None, 'build_base': '/scott_docker_volume/arduinobot_ws/src/build/arduino_py_examples', 'catkin_cmake_args': None, 'catkin_skip_building_tests': False, 'cmake_args': None, 'cmake_clean_cache': False, 'cmake_clean_first': False, 'cmake_force_configure': False, 'cmake_target': None, 'cmake_target_skip_unavailable': False, 'install_base': '/scott_docker_volume/arduinobot_ws/src/install/arduino_py_examples', 'merge_install': False, 'path': '/scott_docker_volume/arduinobot_ws/src/arduino_py_examples', 'symlink_install': True, 'test_result_base': None}
[0.189s] INFO:colcon.colcon_core.executor:Executing jobs using 'parallel' executor
[0.189s] DEBUG:colcon.colcon_parallel_executor.executor.parallel:run_until_complete
[0.189s] INFO:colcon.colcon_ros.task.ament_cmake.build:Building ROS package in '/scott_docker_volume/arduinobot_ws/src/arduino_cpp_examples' with build type 'ament_cmake'
[0.190s] INFO:colcon.colcon_cmake.task.cmake.build:Building CMake package in '/scott_docker_volume/arduinobot_ws/src/arduino_cpp_examples'
[0.191s] INFO:colcon.colcon_core.plugin_system:Skipping extension 'colcon_core.shell.bat': Not used on non-Windows systems
[0.191s] INFO:colcon.colcon_core.shell:Skip shell extension 'powershell' for command environment: Not usable outside of PowerShell
[0.191s] DEBUG:colcon.colcon_core.shell:Skip shell extension 'dsv' for command environment
[0.194s] INFO:colcon.colcon_ros.task.ament_python.build:Building ROS package in '/scott_docker_volume/arduinobot_ws/src/arduino_py_examples' with build type 'ament_python'
[0.194s] Level 1:colcon.colcon_core.shell:create_environment_hook('arduino_py_examples', 'ament_prefix_path')
[0.194s] INFO:colcon.colcon_core.shell:Creating environment hook '/scott_docker_volume/arduinobot_ws/src/install/arduino_py_examples/share/arduino_py_examples/hook/ament_prefix_path.ps1'
[0.195s] INFO:colcon.colcon_core.shell:Creating environment descriptor '/scott_docker_volume/arduinobot_ws/src/install/arduino_py_examples/share/arduino_py_examples/hook/ament_prefix_path.dsv'
[0.195s] INFO:colcon.colcon_core.shell:Creating environment hook '/scott_docker_volume/arduinobot_ws/src/install/arduino_py_examples/share/arduino_py_examples/hook/ament_prefix_path.sh'
[0.195s] INFO:colcon.colcon_core.shell:Skip shell extension 'powershell' for command environment: Not usable outside of PowerShell
[0.195s] DEBUG:colcon.colcon_core.shell:Skip shell extension 'dsv' for command environment
[0.201s] DEBUG:colcon.colcon_core.event_handler.log_command:Invoking command in '/scott_docker_volume/arduinobot_ws/src/build/arduino_cpp_examples': CMAKE_PREFIX_PATH=${CMAKE_PREFIX_PATH}:/opt/ros/jazzy /usr/bin/cmake --build /scott_docker_volume/arduinobot_ws/src/build/arduino_cpp_examples -- -j24 -l24
[0.379s] INFO:colcon.colcon_core.task.python.build:Building Python package in '/scott_docker_volume/arduinobot_ws/src/arduino_py_examples'
[0.380s] INFO:colcon.colcon_core.shell:Skip shell extension 'powershell' for command environment: Not usable outside of PowerShell
[0.380s] DEBUG:colcon.colcon_core.shell:Skip shell extension 'dsv' for command environment
[0.386s] DEBUG:colcon.colcon_core.event_handler.log_command:Invoked command in '/scott_docker_volume/arduinobot_ws/src/build/arduino_cpp_examples' returned '0': CMAKE_PREFIX_PATH=${CMAKE_PREFIX_PATH}:/opt/ros/jazzy /usr/bin/cmake --build /scott_docker_volume/arduinobot_ws/src/build/arduino_cpp_examples -- -j24 -l24
[0.419s] DEBUG:colcon.colcon_core.event_handler.log_command:Invoking command in '/scott_docker_volume/arduinobot_ws/src/build/arduino_cpp_examples': CMAKE_PREFIX_PATH=${CMAKE_PREFIX_PATH}:/opt/ros/jazzy /usr/bin/cmake --install /scott_docker_volume/arduinobot_ws/src/build/arduino_cpp_examples
[0.441s] Level 1:colcon.colcon_core.environment:create_environment_scripts_only(arduino_cpp_examples)
[0.441s] DEBUG:colcon.colcon_core.event_handler.log_command:Invoked command in '/scott_docker_volume/arduinobot_ws/src/build/arduino_cpp_examples' returned '0': CMAKE_PREFIX_PATH=${CMAKE_PREFIX_PATH}:/opt/ros/jazzy /usr/bin/cmake --install /scott_docker_volume/arduinobot_ws/src/build/arduino_cpp_examples
[0.444s] Level 1:colcon.colcon_core.environment:checking '/scott_docker_volume/arduinobot_ws/src/install/arduino_cpp_examples' for CMake module files
[0.445s] Level 1:colcon.colcon_core.environment:checking '/scott_docker_volume/arduinobot_ws/src/install/arduino_cpp_examples' for CMake config files
[0.445s] Level 1:colcon.colcon_core.shell:create_environment_hook('arduino_cpp_examples', 'cmake_prefix_path')
[0.445s] INFO:colcon.colcon_core.shell:Creating environment hook '/scott_docker_volume/arduinobot_ws/src/install/arduino_cpp_examples/share/arduino_cpp_examples/hook/cmake_prefix_path.ps1'
[0.446s] INFO:colcon.colcon_core.shell:Creating environment descriptor '/scott_docker_volume/arduinobot_ws/src/install/arduino_cpp_examples/share/arduino_cpp_examples/hook/cmake_prefix_path.dsv'
[0.446s] INFO:colcon.colcon_core.shell:Creating environment hook '/scott_docker_volume/arduinobot_ws/src/install/arduino_cpp_examples/share/arduino_cpp_examples/hook/cmake_prefix_path.sh'
[0.447s] Level 1:colcon.colcon_core.environment:checking '/scott_docker_volume/arduinobot_ws/src/install/arduino_cpp_examples/bin'
[0.447s] Level 1:colcon.colcon_core.environment:checking '/scott_docker_volume/arduinobot_ws/src/install/arduino_cpp_examples/lib/pkgconfig/arduino_cpp_examples.pc'
[0.447s] Level 1:colcon.colcon_core.environment:checking '/scott_docker_volume/arduinobot_ws/src/install/arduino_cpp_examples/lib/python3.12/site-packages'
[0.447s] Level 1:colcon.colcon_core.environment:checking '/scott_docker_volume/arduinobot_ws/src/install/arduino_cpp_examples/bin'
[0.447s] INFO:colcon.colcon_core.shell:Creating package script '/scott_docker_volume/arduinobot_ws/src/install/arduino_cpp_examples/share/arduino_cpp_examples/package.ps1'
[0.448s] INFO:colcon.colcon_core.shell:Creating package descriptor '/scott_docker_volume/arduinobot_ws/src/install/arduino_cpp_examples/share/arduino_cpp_examples/package.dsv'
[0.449s] INFO:colcon.colcon_core.shell:Creating package script '/scott_docker_volume/arduinobot_ws/src/install/arduino_cpp_examples/share/arduino_cpp_examples/package.sh'
[0.449s] INFO:colcon.colcon_core.shell:Creating package script '/scott_docker_volume/arduinobot_ws/src/install/arduino_cpp_examples/share/arduino_cpp_examples/package.bash'
[0.450s] INFO:colcon.colcon_core.shell:Creating package script '/scott_docker_volume/arduinobot_ws/src/install/arduino_cpp_examples/share/arduino_cpp_examples/package.zsh'
[0.451s] Level 1:colcon.colcon_core.environment:create_file_with_runtime_dependencies(/scott_docker_volume/arduinobot_ws/src/install/arduino_cpp_examples/share/colcon-core/packages/arduino_cpp_examples)
[0.474s] Level 1:colcon.colcon_core.environment:create_environment_scripts_only(arduino_cpp_examples)
[0.474s] Level 1:colcon.colcon_core.environment:checking '/scott_docker_volume/arduinobot_ws/src/install/arduino_cpp_examples' for CMake module files
[0.475s] Level 1:colcon.colcon_core.environment:checking '/scott_docker_volume/arduinobot_ws/src/install/arduino_cpp_examples' for CMake config files
[0.475s] Level 1:colcon.colcon_core.shell:create_environment_hook('arduino_cpp_examples', 'cmake_prefix_path')
[0.476s] INFO:colcon.colcon_core.shell:Creating environment hook '/scott_docker_volume/arduinobot_ws/src/install/arduino_cpp_examples/share/arduino_cpp_examples/hook/cmake_prefix_path.ps1'
[0.476s] INFO:colcon.colcon_core.shell:Creating environment descriptor '/scott_docker_volume/arduinobot_ws/src/install/arduino_cpp_examples/share/arduino_cpp_examples/hook/cmake_prefix_path.dsv'
[0.477s] INFO:colcon.colcon_core.shell:Creating environment hook '/scott_docker_volume/arduinobot_ws/src/install/arduino_cpp_examples/share/arduino_cpp_examples/hook/cmake_prefix_path.sh'
[0.477s] Level 1:colcon.colcon_core.environment:checking '/scott_docker_volume/arduinobot_ws/src/install/arduino_cpp_examples/bin'
[0.477s] Level 1:colcon.colcon_core.environment:checking '/scott_docker_volume/arduinobot_ws/src/install/arduino_cpp_examples/lib/pkgconfig/arduino_cpp_examples.pc'
[0.478s] Level 1:colcon.colcon_core.environment:checking '/scott_docker_volume/arduinobot_ws/src/install/arduino_cpp_examples/lib/python3.12/site-packages'
[0.478s] Level 1:colcon.colcon_core.environment:checking '/scott_docker_volume/arduinobot_ws/src/install/arduino_cpp_examples/bin'
[0.478s] INFO:colcon.colcon_core.shell:Creating package script '/scott_docker_volume/arduinobot_ws/src/install/arduino_cpp_examples/share/arduino_cpp_examples/package.ps1'
[0.479s] INFO:colcon.colcon_core.shell:Creating package descriptor '/scott_docker_volume/arduinobot_ws/src/install/arduino_cpp_examples/share/arduino_cpp_examples/package.dsv'
[0.480s] INFO:colcon.colcon_core.shell:Creating package script '/scott_docker_volume/arduinobot_ws/src/install/arduino_cpp_examples/share/arduino_cpp_examples/package.sh'
[0.480s] INFO:colcon.colcon_core.shell:Creating package script '/scott_docker_volume/arduinobot_ws/src/install/arduino_cpp_examples/share/arduino_cpp_examples/package.bash'
[0.481s] INFO:colcon.colcon_core.shell:Creating package script '/scott_docker_volume/arduinobot_ws/src/install/arduino_cpp_examples/share/arduino_cpp_examples/package.zsh'
[0.481s] Level 1:colcon.colcon_core.environment:create_file_with_runtime_dependencies(/scott_docker_volume/arduinobot_ws/src/install/arduino_cpp_examples/share/colcon-core/packages/arduino_cpp_examples)
[0.905s] DEBUG:colcon.colcon_core.event_handler.log_command:Invoking command in '/scott_docker_volume/arduinobot_ws/src/build/arduino_py_examples': PYTHONPATH=/scott_docker_volume/arduinobot_ws/src/build/arduino_py_examples/prefix_override:/usr/lib/python3/dist-packages/colcon_core/task/python/colcon_distutils_commands:/scott_docker_volume/arduinobot_ws/src/install/arduino_py_examples/lib/python3.12/site-packages:${PYTHONPATH} /usr/bin/python3 -W ignore:setup.py install is deprecated setup.py develop --editable --build-directory /scott_docker_volume/arduinobot_ws/src/build/arduino_py_examples/build --no-deps symlink_data
[1.462s] Level 1:colcon.colcon_core.shell:create_environment_hook('arduino_py_examples', 'pythonpath_develop')
[1.463s] INFO:colcon.colcon_core.shell:Creating environment hook '/scott_docker_volume/arduinobot_ws/src/build/arduino_py_examples/share/arduino_py_examples/hook/pythonpath_develop.ps1'
[1.463s] DEBUG:colcon.colcon_core.event_handler.log_command:Invoked command in '/scott_docker_volume/arduinobot_ws/src/build/arduino_py_examples' returned '0': PYTHONPATH=/scott_docker_volume/arduinobot_ws/src/build/arduino_py_examples/prefix_override:/usr/lib/python3/dist-packages/colcon_core/task/python/colcon_distutils_commands:/scott_docker_volume/arduinobot_ws/src/install/arduino_py_examples/lib/python3.12/site-packages:${PYTHONPATH} /usr/bin/python3 -W ignore:setup.py install is deprecated setup.py develop --editable --build-directory /scott_docker_volume/arduinobot_ws/src/build/arduino_py_examples/build --no-deps symlink_data
[1.463s] INFO:colcon.colcon_core.shell:Creating environment descriptor '/scott_docker_volume/arduinobot_ws/src/build/arduino_py_examples/share/arduino_py_examples/hook/pythonpath_develop.dsv'
[1.464s] INFO:colcon.colcon_core.shell:Creating environment hook '/scott_docker_volume/arduinobot_ws/src/build/arduino_py_examples/share/arduino_py_examples/hook/pythonpath_develop.sh'
[1.464s] Level 1:colcon.colcon_core.environment:checking '/scott_docker_volume/arduinobot_ws/src/install/arduino_py_examples' for CMake module files
[1.465s] Level 1:colcon.colcon_core.environment:checking '/scott_docker_volume/arduinobot_ws/src/install/arduino_py_examples' for CMake config files
[1.466s] Level 1:colcon.colcon_core.environment:checking '/scott_docker_volume/arduinobot_ws/src/install/arduino_py_examples/lib'
[1.466s] Level 1:colcon.colcon_core.environment:checking '/scott_docker_volume/arduinobot_ws/src/install/arduino_py_examples/bin'
[1.466s] Level 1:colcon.colcon_core.environment:checking '/scott_docker_volume/arduinobot_ws/src/install/arduino_py_examples/lib/pkgconfig/arduino_py_examples.pc'
[1.466s] Level 1:colcon.colcon_core.environment:checking '/scott_docker_volume/arduinobot_ws/src/install/arduino_py_examples/lib/python3.12/site-packages'
[1.467s] Level 1:colcon.colcon_core.shell:create_environment_hook('arduino_py_examples', 'pythonpath')
[1.467s] INFO:colcon.colcon_core.shell:Creating environment hook '/scott_docker_volume/arduinobot_ws/src/install/arduino_py_examples/share/arduino_py_examples/hook/pythonpath.ps1'
[1.467s] INFO:colcon.colcon_core.shell:Creating environment descriptor '/scott_docker_volume/arduinobot_ws/src/install/arduino_py_examples/share/arduino_py_examples/hook/pythonpath.dsv'
[1.468s] INFO:colcon.colcon_core.shell:Creating environment hook '/scott_docker_volume/arduinobot_ws/src/install/arduino_py_examples/share/arduino_py_examples/hook/pythonpath.sh'
[1.469s] Level 1:colcon.colcon_core.environment:checking '/scott_docker_volume/arduinobot_ws/src/install/arduino_py_examples/bin'
[1.469s] Level 1:colcon.colcon_core.environment:create_environment_scripts_only(arduino_py_examples)
[1.469s] INFO:colcon.colcon_core.shell:Creating package script '/scott_docker_volume/arduinobot_ws/src/install/arduino_py_examples/share/arduino_py_examples/package.ps1'
[1.470s] INFO:colcon.colcon_core.shell:Creating package descriptor '/scott_docker_volume/arduinobot_ws/src/install/arduino_py_examples/share/arduino_py_examples/package.dsv'
[1.470s] INFO:colcon.colcon_core.shell:Creating package script '/scott_docker_volume/arduinobot_ws/src/install/arduino_py_examples/share/arduino_py_examples/package.sh'
[1.471s] INFO:colcon.colcon_core.shell:Creating package script '/scott_docker_volume/arduinobot_ws/src/install/arduino_py_examples/share/arduino_py_examples/package.bash'
[1.471s] INFO:colcon.colcon_core.shell:Creating package script '/scott_docker_volume/arduinobot_ws/src/install/arduino_py_examples/share/arduino_py_examples/package.zsh'
[1.472s] Level 1:colcon.colcon_core.environment:create_file_with_runtime_dependencies(/scott_docker_volume/arduinobot_ws/src/install/arduino_py_examples/share/colcon-core/packages/arduino_py_examples)
[1.472s] DEBUG:colcon.colcon_parallel_executor.executor.parallel:closing loop
[1.472s] DEBUG:colcon.colcon_parallel_executor.executor.parallel:loop closed
[1.472s] DEBUG:colcon.colcon_parallel_executor.executor.parallel:run_until_complete finished with '0'
[1.472s] DEBUG:colcon.colcon_core.event_reactor:joining thread
[1.479s] INFO:colcon.colcon_core.plugin_system:Skipping extension 'colcon_notification.desktop_notification.notify_send': Could not find 'notify-send'
[1.479s] INFO:colcon.colcon_core.plugin_system:Skipping extension 'colcon_notification.desktop_notification.terminal_notifier': Not used on non-Darwin systems
[1.479s] INFO:colcon.colcon_core.plugin_system:Skipping extension 'colcon_notification.desktop_notification.win32': Not used on non-Windows systems
[1.479s] INFO:colcon.colcon_notification.desktop_notification:Sending desktop notification using 'notify2'
[1.482s] DEBUG:colcon.colcon_notification.desktop_notification.notify2:Failed to initialize notify2: org.freedesktop.DBus.Error.Spawn.ExecFailed: /usr/bin/dbus-launch terminated abnormally without any error message
[1.482s] DEBUG:colcon.colcon_core.event_reactor:joined thread
[1.482s] INFO:colcon.colcon_core.shell:Creating prefix script '/scott_docker_volume/arduinobot_ws/src/install/local_setup.ps1'
[1.484s] INFO:colcon.colcon_core.shell:Creating prefix util module '/scott_docker_volume/arduinobot_ws/src/install/_local_setup_util_ps1.py'
[1.485s] INFO:colcon.colcon_core.shell:Creating prefix chain script '/scott_docker_volume/arduinobot_ws/src/install/setup.ps1'
[1.487s] INFO:colcon.colcon_core.shell:Creating prefix script '/scott_docker_volume/arduinobot_ws/src/install/local_setup.sh'
[1.487s] INFO:colcon.colcon_core.shell:Creating prefix util module '/scott_docker_volume/arduinobot_ws/src/install/_local_setup_util_sh.py'
[1.488s] INFO:colcon.colcon_core.shell:Creating prefix chain script '/scott_docker_volume/arduinobot_ws/src/install/setup.sh'
[1.489s] INFO:colcon.colcon_core.shell:Creating prefix script '/scott_docker_volume/arduinobot_ws/src/install/local_setup.bash'
[1.490s] INFO:colcon.colcon_core.shell:Creating prefix chain script '/scott_docker_volume/arduinobot_ws/src/install/setup.bash'
[1.491s] INFO:colcon.colcon_core.shell:Creating prefix script '/scott_docker_volume/arduinobot_ws/src/install/local_setup.zsh'
[1.491s] INFO:colcon.colcon_core.shell:Creating prefix chain script '/scott_docker_volume/arduinobot_ws/src/install/setup.zsh'
