-- Found ament_cmake: 2.5.2 (/opt/ros/jazzy/share/ament_cmake/cmake)
-- Override CMake install command with custom implementation using symlinks instead of copying resources
-- Found ament_lint_auto: 0.17.1 (/opt/ros/jazzy/share/ament_lint_auto/cmake)
-- Added test 'lint_cmake' to check CMake code style
-- Added test 'xmllint' to check XML markup files
-- Configuring done (0.3s)
-- Generating done (0.0s)
-- Build files have been written to: /workspaces/scott_udemy_ros2/scott_docker_volume/arduinobot_ws/build/arduinobot_cpp_examples
-- Install configuration: ""
-- Execute custom install script
-- Up-to-date symlink: /workspaces/scott_udemy_ros2/scott_docker_volume/arduinobot_ws/install/arduinobot_cpp_examples/share/ament_index/resource_index/package_run_dependencies/arduinobot_cpp_examples
-- Up-to-date symlink: /workspaces/scott_udemy_ros2/scott_docker_volume/arduinobot_ws/install/arduinobot_cpp_examples/share/ament_index/resource_index/parent_prefix_path/arduinobot_cpp_examples
-- Up-to-date symlink: /workspaces/scott_udemy_ros2/scott_docker_volume/arduinobot_ws/install/arduinobot_cpp_examples/share/arduinobot_cpp_examples/environment/ament_prefix_path.sh
-- Up-to-date symlink: /workspaces/scott_udemy_ros2/scott_docker_volume/arduinobot_ws/install/arduinobot_cpp_examples/share/arduinobot_cpp_examples/environment/ament_prefix_path.dsv
-- Up-to-date symlink: /workspaces/scott_udemy_ros2/scott_docker_volume/arduinobot_ws/install/arduinobot_cpp_examples/share/arduinobot_cpp_examples/environment/path.sh
-- Up-to-date symlink: /workspaces/scott_udemy_ros2/scott_docker_volume/arduinobot_ws/install/arduinobot_cpp_examples/share/arduinobot_cpp_examples/environment/path.dsv
-- Up-to-date symlink: /workspaces/scott_udemy_ros2/scott_docker_volume/arduinobot_ws/install/arduinobot_cpp_examples/share/arduinobot_cpp_examples/local_setup.bash
-- Up-to-date symlink: /workspaces/scott_udemy_ros2/scott_docker_volume/arduinobot_ws/install/arduinobot_cpp_examples/share/arduinobot_cpp_examples/local_setup.sh
-- Up-to-date symlink: /workspaces/scott_udemy_ros2/scott_docker_volume/arduinobot_ws/install/arduinobot_cpp_examples/share/arduinobot_cpp_examples/local_setup.zsh
-- Up-to-date symlink: /workspaces/scott_udemy_ros2/scott_docker_volume/arduinobot_ws/install/arduinobot_cpp_examples/share/arduinobot_cpp_examples/local_setup.dsv
-- Symlinking: /workspaces/scott_udemy_ros2/scott_docker_volume/arduinobot_ws/install/arduinobot_cpp_examples/share/arduinobot_cpp_examples/package.dsv
-- Up-to-date symlink: /workspaces/scott_udemy_ros2/scott_docker_volume/arduinobot_ws/install/arduinobot_cpp_examples/share/ament_index/resource_index/packages/arduinobot_cpp_examples
-- Up-to-date symlink: /workspaces/scott_udemy_ros2/scott_docker_volume/arduinobot_ws/install/arduinobot_cpp_examples/share/arduinobot_cpp_examples/cmake/arduinobot_cpp_examplesConfig.cmake
-- Up-to-date symlink: /workspaces/scott_udemy_ros2/scott_docker_volume/arduinobot_ws/install/arduinobot_cpp_examples/share/arduinobot_cpp_examples/cmake/arduinobot_cpp_examplesConfig-version.cmake
-- Up-to-date symlink: /workspaces/scott_udemy_ros2/scott_docker_volume/arduinobot_ws/install/arduinobot_cpp_examples/share/arduinobot_cpp_examples/package.xml
