[0.076s] DEBUG:colcon:Command line arguments: ['/usr/bin/colcon', 'build', '--symlink-install']
[0.076s] DEBUG:colcon:Parsed command line arguments: Namespace(log_base=None, log_level=None, verb_name='build', build_base='build', install_base='install', merge_install=False, symlink_install=True, test_result_base=None, continue_on_error=False, executor='parallel', parallel_workers=24, event_handlers=None, ignore_user_meta=False, metas=['./colcon.meta'], base_paths=['.'], packages_ignore=None, packages_ignore_regex=None, paths=None, packages_up_to=None, packages_up_to_regex=None, packages_above=None, packages_above_and_dependencies=None, packages_above_depth=None, packages_select_by_dep=None, packages_skip_by_dep=None, packages_skip_up_to=None, packages_select_build_failed=False, packages_skip_build_finished=False, packages_select_test_failures=False, packages_skip_test_passed=False, packages_select=None, packages_skip=None, packages_select_regex=None, packages_skip_regex=None, packages_start=None, packages_end=None, allow_overriding=[], cmake_args=None, cmake_target=None, cmake_target_skip_unavailable=False, cmake_clean_cache=False, cmake_clean_first=False, cmake_force_configure=False, ament_cmake_args=None, catkin_cmake_args=None, catkin_skip_building_tests=False, mixin_files=None, mixin=None, verb_parser=<colcon_mixin.mixin.mixin_argument.MixinArgumentDecorator object at 0x7fb7181278f0>, verb_extension=<colcon_core.verb.build.BuildVerb object at 0x7fb71828a480>, main=<bound method BuildVerb.main of <colcon_core.verb.build.BuildVerb object at 0x7fb71828a480>>, mixin_verb=('build',))
[0.101s] Level 1:colcon.colcon_core.package_discovery:discover_packages(colcon_meta) check parameters
[0.101s] Level 1:colcon.colcon_core.package_discovery:discover_packages(recursive) check parameters
[0.101s] Level 1:colcon.colcon_core.package_discovery:discover_packages(ignore) check parameters
[0.101s] Level 1:colcon.colcon_core.package_discovery:discover_packages(path) check parameters
[0.101s] Level 1:colcon.colcon_core.package_discovery:discover_packages(colcon_meta) discover
[0.101s] Level 1:colcon.colcon_core.package_discovery:discover_packages(recursive) discover
[0.101s] INFO:colcon.colcon_core.package_discovery:Crawling recursively for packages in '/workspaces/scott_udemy_ros2/scott_docker_volume/arduinobot_ws'
[0.101s] Level 1:colcon.colcon_core.package_identification:_identify(.) by extensions ['ignore', 'ignore_ament_install']
[0.102s] Level 1:colcon.colcon_core.package_identification:_identify(.) by extension 'ignore'
[0.102s] Level 1:colcon.colcon_core.package_identification:_identify(.) by extension 'ignore_ament_install'
[0.102s] Level 1:colcon.colcon_core.package_identification:_identify(.) by extensions ['colcon_pkg']
[0.102s] Level 1:colcon.colcon_core.package_identification:_identify(.) by extension 'colcon_pkg'
[0.102s] Level 1:colcon.colcon_core.package_identification:_identify(.) by extensions ['colcon_meta']
[0.102s] Level 1:colcon.colcon_core.package_identification:_identify(.) by extension 'colcon_meta'
[0.102s] Level 1:colcon.colcon_core.package_identification:_identify(.) by extensions ['ros']
[0.102s] Level 1:colcon.colcon_core.package_identification:_identify(.) by extension 'ros'
[0.120s] Level 1:colcon.colcon_core.package_identification:_identify(.) by extensions ['cmake', 'python']
[0.120s] Level 1:colcon.colcon_core.package_identification:_identify(.) by extension 'cmake'
[0.120s] Level 1:colcon.colcon_core.package_identification:_identify(.) by extension 'python'
[0.120s] Level 1:colcon.colcon_core.package_identification:_identify(.) by extensions ['python_setup_py']
[0.120s] Level 1:colcon.colcon_core.package_identification:_identify(.) by extension 'python_setup_py'
[0.120s] Level 1:colcon.colcon_core.package_identification:_identify(build) by extensions ['ignore', 'ignore_ament_install']
[0.120s] Level 1:colcon.colcon_core.package_identification:_identify(build) by extension 'ignore'
[0.120s] Level 1:colcon.colcon_core.package_identification:_identify(build) ignored
[0.120s] Level 1:colcon.colcon_core.package_identification:_identify(install) by extensions ['ignore', 'ignore_ament_install']
[0.120s] Level 1:colcon.colcon_core.package_identification:_identify(install) by extension 'ignore'
[0.120s] Level 1:colcon.colcon_core.package_identification:_identify(install) ignored
[0.120s] Level 1:colcon.colcon_core.package_identification:_identify(log) by extensions ['ignore', 'ignore_ament_install']
[0.120s] Level 1:colcon.colcon_core.package_identification:_identify(log) by extension 'ignore'
[0.120s] Level 1:colcon.colcon_core.package_identification:_identify(log) ignored
[0.120s] Level 1:colcon.colcon_core.package_identification:_identify(src) by extensions ['ignore', 'ignore_ament_install']
[0.120s] Level 1:colcon.colcon_core.package_identification:_identify(src) by extension 'ignore'
[0.120s] Level 1:colcon.colcon_core.package_identification:_identify(src) by extension 'ignore_ament_install'
[0.120s] Level 1:colcon.colcon_core.package_identification:_identify(src) by extensions ['colcon_pkg']
[0.120s] Level 1:colcon.colcon_core.package_identification:_identify(src) by extension 'colcon_pkg'
[0.120s] Level 1:colcon.colcon_core.package_identification:_identify(src) by extensions ['colcon_meta']
[0.120s] Level 1:colcon.colcon_core.package_identification:_identify(src) by extension 'colcon_meta'
[0.120s] Level 1:colcon.colcon_core.package_identification:_identify(src) by extensions ['ros']
[0.120s] Level 1:colcon.colcon_core.package_identification:_identify(src) by extension 'ros'
[0.121s] Level 1:colcon.colcon_core.package_identification:_identify(src) by extensions ['cmake', 'python']
[0.121s] Level 1:colcon.colcon_core.package_identification:_identify(src) by extension 'cmake'
[0.121s] Level 1:colcon.colcon_core.package_identification:_identify(src) by extension 'python'
[0.121s] Level 1:colcon.colcon_core.package_identification:_identify(src) by extensions ['python_setup_py']
[0.121s] Level 1:colcon.colcon_core.package_identification:_identify(src) by extension 'python_setup_py'
[0.121s] Level 1:colcon.colcon_core.package_identification:_identify(src/arduinobot_cpp_examples) by extensions ['ignore', 'ignore_ament_install']
[0.121s] Level 1:colcon.colcon_core.package_identification:_identify(src/arduinobot_cpp_examples) by extension 'ignore'
[0.121s] Level 1:colcon.colcon_core.package_identification:_identify(src/arduinobot_cpp_examples) by extension 'ignore_ament_install'
[0.121s] Level 1:colcon.colcon_core.package_identification:_identify(src/arduinobot_cpp_examples) by extensions ['colcon_pkg']
[0.121s] Level 1:colcon.colcon_core.package_identification:_identify(src/arduinobot_cpp_examples) by extension 'colcon_pkg'
[0.121s] Level 1:colcon.colcon_core.package_identification:_identify(src/arduinobot_cpp_examples) by extensions ['colcon_meta']
[0.121s] Level 1:colcon.colcon_core.package_identification:_identify(src/arduinobot_cpp_examples) by extension 'colcon_meta'
[0.121s] Level 1:colcon.colcon_core.package_identification:_identify(src/arduinobot_cpp_examples) by extensions ['ros']
[0.121s] Level 1:colcon.colcon_core.package_identification:_identify(src/arduinobot_cpp_examples) by extension 'ros'
[0.122s] DEBUG:colcon.colcon_core.package_identification:Package 'src/arduinobot_cpp_examples' with type 'ros.ament_cmake' and name 'arduino_cpp_examples'
[0.122s] Level 1:colcon.colcon_core.package_identification:_identify(src/arduinobot_py_examples) by extensions ['ignore', 'ignore_ament_install']
[0.123s] Level 1:colcon.colcon_core.package_identification:_identify(src/arduinobot_py_examples) by extension 'ignore'
[0.123s] Level 1:colcon.colcon_core.package_identification:_identify(src/arduinobot_py_examples) by extension 'ignore_ament_install'
[0.123s] Level 1:colcon.colcon_core.package_identification:_identify(src/arduinobot_py_examples) by extensions ['colcon_pkg']
[0.123s] Level 1:colcon.colcon_core.package_identification:_identify(src/arduinobot_py_examples) by extension 'colcon_pkg'
[0.123s] Level 1:colcon.colcon_core.package_identification:_identify(src/arduinobot_py_examples) by extensions ['colcon_meta']
[0.123s] Level 1:colcon.colcon_core.package_identification:_identify(src/arduinobot_py_examples) by extension 'colcon_meta'
[0.123s] Level 1:colcon.colcon_core.package_identification:_identify(src/arduinobot_py_examples) by extensions ['ros']
[0.123s] Level 1:colcon.colcon_core.package_identification:_identify(src/arduinobot_py_examples) by extension 'ros'
[0.123s] DEBUG:colcon.colcon_core.package_identification:Package 'src/arduinobot_py_examples' with type 'ros.ament_python' and name 'arduino_py_examples'
[0.123s] Level 1:colcon.colcon_core.package_identification:_identify(src/build) by extensions ['ignore', 'ignore_ament_install']
[0.123s] Level 1:colcon.colcon_core.package_identification:_identify(src/build) by extension 'ignore'
[0.123s] Level 1:colcon.colcon_core.package_identification:_identify(src/build) ignored
[0.123s] Level 1:colcon.colcon_core.package_identification:_identify(src/install) by extensions ['ignore', 'ignore_ament_install']
[0.123s] Level 1:colcon.colcon_core.package_identification:_identify(src/install) by extension 'ignore'
[0.123s] Level 1:colcon.colcon_core.package_identification:_identify(src/install) ignored
[0.123s] Level 1:colcon.colcon_core.package_identification:_identify(src/log) by extensions ['ignore', 'ignore_ament_install']
[0.123s] Level 1:colcon.colcon_core.package_identification:_identify(src/log) by extension 'ignore'
[0.123s] Level 1:colcon.colcon_core.package_identification:_identify(src/log) ignored
[0.123s] Level 1:colcon.colcon_core.package_discovery:discover_packages(recursive) using defaults
[0.123s] Level 1:colcon.colcon_core.package_discovery:discover_packages(ignore) discover
[0.124s] Level 1:colcon.colcon_core.package_discovery:discover_packages(ignore) using defaults
[0.124s] Level 1:colcon.colcon_core.package_discovery:discover_packages(path) discover
[0.124s] Level 1:colcon.colcon_core.package_discovery:discover_packages(path) using defaults
[0.136s] Level 1:colcon.colcon_core.package_discovery:discover_packages(prefix_path) check parameters
[0.136s] Level 1:colcon.colcon_core.package_discovery:discover_packages(prefix_path) discover
[0.137s] DEBUG:colcon.colcon_installed_package_information.package_discovery:Found 2 installed packages in /workspaces/scott_udemy_ros2/scott_docker_volume/arduinobot_ws/install
[0.137s] DEBUG:colcon.colcon_installed_package_information.package_discovery:Found 2 installed packages in /workspaces/scott_udemy_ros2/install
[0.139s] DEBUG:colcon.colcon_installed_package_information.package_discovery:Found 423 installed packages in /opt/ros/jazzy
[0.140s] Level 1:colcon.colcon_core.package_discovery:discover_packages(prefix_path) using defaults
[0.182s] Level 5:colcon.colcon_core.verb:set package 'arduino_cpp_examples' build argument 'cmake_args' from command line to 'None'
[0.182s] Level 5:colcon.colcon_core.verb:set package 'arduino_cpp_examples' build argument 'cmake_target' from command line to 'None'
[0.182s] Level 5:colcon.colcon_core.verb:set package 'arduino_cpp_examples' build argument 'cmake_target_skip_unavailable' from command line to 'False'
[0.182s] Level 5:colcon.colcon_core.verb:set package 'arduino_cpp_examples' build argument 'cmake_clean_cache' from command line to 'False'
[0.182s] Level 5:colcon.colcon_core.verb:set package 'arduino_cpp_examples' build argument 'cmake_clean_first' from command line to 'False'
[0.182s] Level 5:colcon.colcon_core.verb:set package 'arduino_cpp_examples' build argument 'cmake_force_configure' from command line to 'False'
[0.182s] Level 5:colcon.colcon_core.verb:set package 'arduino_cpp_examples' build argument 'ament_cmake_args' from command line to 'None'
[0.182s] Level 5:colcon.colcon_core.verb:set package 'arduino_cpp_examples' build argument 'catkin_cmake_args' from command line to 'None'
[0.182s] Level 5:colcon.colcon_core.verb:set package 'arduino_cpp_examples' build argument 'catkin_skip_building_tests' from command line to 'False'
[0.182s] DEBUG:colcon.colcon_core.verb:Building package 'arduino_cpp_examples' with the following arguments: {'ament_cmake_args': None, 'build_base': '/workspaces/scott_udemy_ros2/scott_docker_volume/arduinobot_ws/build/arduino_cpp_examples', 'catkin_cmake_args': None, 'catkin_skip_building_tests': False, 'cmake_args': None, 'cmake_clean_cache': False, 'cmake_clean_first': False, 'cmake_force_configure': False, 'cmake_target': None, 'cmake_target_skip_unavailable': False, 'install_base': '/workspaces/scott_udemy_ros2/scott_docker_volume/arduinobot_ws/install/arduino_cpp_examples', 'merge_install': False, 'path': '/workspaces/scott_udemy_ros2/scott_docker_volume/arduinobot_ws/src/arduinobot_cpp_examples', 'symlink_install': True, 'test_result_base': None}
[0.182s] Level 5:colcon.colcon_core.verb:set package 'arduino_py_examples' build argument 'cmake_args' from command line to 'None'
[0.182s] Level 5:colcon.colcon_core.verb:set package 'arduino_py_examples' build argument 'cmake_target' from command line to 'None'
[0.182s] Level 5:colcon.colcon_core.verb:set package 'arduino_py_examples' build argument 'cmake_target_skip_unavailable' from command line to 'False'
[0.182s] Level 5:colcon.colcon_core.verb:set package 'arduino_py_examples' build argument 'cmake_clean_cache' from command line to 'False'
[0.182s] Level 5:colcon.colcon_core.verb:set package 'arduino_py_examples' build argument 'cmake_clean_first' from command line to 'False'
[0.182s] Level 5:colcon.colcon_core.verb:set package 'arduino_py_examples' build argument 'cmake_force_configure' from command line to 'False'
[0.182s] Level 5:colcon.colcon_core.verb:set package 'arduino_py_examples' build argument 'ament_cmake_args' from command line to 'None'
[0.182s] Level 5:colcon.colcon_core.verb:set package 'arduino_py_examples' build argument 'catkin_cmake_args' from command line to 'None'
[0.182s] Level 5:colcon.colcon_core.verb:set package 'arduino_py_examples' build argument 'catkin_skip_building_tests' from command line to 'False'
[0.182s] DEBUG:colcon.colcon_core.verb:Building package 'arduino_py_examples' with the following arguments: {'ament_cmake_args': None, 'build_base': '/workspaces/scott_udemy_ros2/scott_docker_volume/arduinobot_ws/build/arduino_py_examples', 'catkin_cmake_args': None, 'catkin_skip_building_tests': False, 'cmake_args': None, 'cmake_clean_cache': False, 'cmake_clean_first': False, 'cmake_force_configure': False, 'cmake_target': None, 'cmake_target_skip_unavailable': False, 'install_base': '/workspaces/scott_udemy_ros2/scott_docker_volume/arduinobot_ws/install/arduino_py_examples', 'merge_install': False, 'path': '/workspaces/scott_udemy_ros2/scott_docker_volume/arduinobot_ws/src/arduinobot_py_examples', 'symlink_install': True, 'test_result_base': None}
[0.182s] INFO:colcon.colcon_core.executor:Executing jobs using 'parallel' executor
[0.183s] DEBUG:colcon.colcon_parallel_executor.executor.parallel:run_until_complete
[0.183s] INFO:colcon.colcon_ros.task.ament_cmake.build:Building ROS package in '/workspaces/scott_udemy_ros2/scott_docker_volume/arduinobot_ws/src/arduinobot_cpp_examples' with build type 'ament_cmake'
[0.183s] INFO:colcon.colcon_cmake.task.cmake.build:Building CMake package in '/workspaces/scott_udemy_ros2/scott_docker_volume/arduinobot_ws/src/arduinobot_cpp_examples'
[0.185s] INFO:colcon.colcon_core.plugin_system:Skipping extension 'colcon_core.shell.bat': Not used on non-Windows systems
[0.185s] INFO:colcon.colcon_core.shell:Skip shell extension 'powershell' for command environment: Not usable outside of PowerShell
[0.185s] DEBUG:colcon.colcon_core.shell:Skip shell extension 'dsv' for command environment
[0.188s] INFO:colcon.colcon_ros.task.ament_python.build:Building ROS package in '/workspaces/scott_udemy_ros2/scott_docker_volume/arduinobot_ws/src/arduinobot_py_examples' with build type 'ament_python'
[0.188s] Level 1:colcon.colcon_core.shell:create_environment_hook('arduino_py_examples', 'ament_prefix_path')
[0.188s] INFO:colcon.colcon_core.shell:Creating environment hook '/workspaces/scott_udemy_ros2/scott_docker_volume/arduinobot_ws/install/arduino_py_examples/share/arduino_py_examples/hook/ament_prefix_path.ps1'
[0.189s] INFO:colcon.colcon_core.shell:Creating environment descriptor '/workspaces/scott_udemy_ros2/scott_docker_volume/arduinobot_ws/install/arduino_py_examples/share/arduino_py_examples/hook/ament_prefix_path.dsv'
[0.189s] INFO:colcon.colcon_core.shell:Creating environment hook '/workspaces/scott_udemy_ros2/scott_docker_volume/arduinobot_ws/install/arduino_py_examples/share/arduino_py_examples/hook/ament_prefix_path.sh'
[0.189s] INFO:colcon.colcon_core.shell:Skip shell extension 'powershell' for command environment: Not usable outside of PowerShell
[0.189s] DEBUG:colcon.colcon_core.shell:Skip shell extension 'dsv' for command environment
[0.195s] DEBUG:colcon.colcon_core.event_handler.log_command:Invoking command in '/workspaces/scott_udemy_ros2/scott_docker_volume/arduinobot_ws/build/arduino_cpp_examples': CMAKE_PREFIX_PATH=${CMAKE_PREFIX_PATH}:/workspaces/scott_udemy_ros2/scott_docker_volume/arduinobot_ws/install/arduino_py_examples:/workspaces/scott_udemy_ros2/install/arduino_py_examples:/opt/ros/jazzy /usr/bin/cmake --build /workspaces/scott_udemy_ros2/scott_docker_volume/arduinobot_ws/build/arduino_cpp_examples -- -j24 -l24
[0.359s] INFO:colcon.colcon_core.task.python.build:Building Python package in '/workspaces/scott_udemy_ros2/scott_docker_volume/arduinobot_ws/src/arduinobot_py_examples'
[0.359s] INFO:colcon.colcon_core.shell:Skip shell extension 'powershell' for command environment: Not usable outside of PowerShell
[0.359s] DEBUG:colcon.colcon_core.shell:Skip shell extension 'dsv' for command environment
[0.365s] DEBUG:colcon.colcon_core.event_handler.log_command:Invoked command in '/workspaces/scott_udemy_ros2/scott_docker_volume/arduinobot_ws/build/arduino_cpp_examples' returned '2': CMAKE_PREFIX_PATH=${CMAKE_PREFIX_PATH}:/workspaces/scott_udemy_ros2/scott_docker_volume/arduinobot_ws/install/arduino_py_examples:/workspaces/scott_udemy_ros2/install/arduino_py_examples:/opt/ros/jazzy /usr/bin/cmake --build /workspaces/scott_udemy_ros2/scott_docker_volume/arduinobot_ws/build/arduino_cpp_examples -- -j24 -l24
[0.386s] Level 1:colcon.colcon_core.environment:create_environment_scripts_only(arduino_cpp_examples)
[0.389s] Level 1:colcon.colcon_core.environment:checking '/workspaces/scott_udemy_ros2/scott_docker_volume/arduinobot_ws/install/arduino_cpp_examples' for CMake module files
[0.390s] Level 1:colcon.colcon_core.environment:checking '/workspaces/scott_udemy_ros2/scott_docker_volume/arduinobot_ws/install/arduino_cpp_examples' for CMake config files
[0.390s] Level 1:colcon.colcon_core.shell:create_environment_hook('arduino_cpp_examples', 'cmake_prefix_path')
[0.390s] INFO:colcon.colcon_core.shell:Creating environment hook '/workspaces/scott_udemy_ros2/scott_docker_volume/arduinobot_ws/install/arduino_cpp_examples/share/arduino_cpp_examples/hook/cmake_prefix_path.ps1'
[0.391s] INFO:colcon.colcon_core.shell:Creating environment descriptor '/workspaces/scott_udemy_ros2/scott_docker_volume/arduinobot_ws/install/arduino_cpp_examples/share/arduino_cpp_examples/hook/cmake_prefix_path.dsv'
[0.391s] INFO:colcon.colcon_core.shell:Creating environment hook '/workspaces/scott_udemy_ros2/scott_docker_volume/arduinobot_ws/install/arduino_cpp_examples/share/arduino_cpp_examples/hook/cmake_prefix_path.sh'
[0.391s] Level 1:colcon.colcon_core.environment:checking '/workspaces/scott_udemy_ros2/scott_docker_volume/arduinobot_ws/install/arduino_cpp_examples/bin'
[0.392s] Level 1:colcon.colcon_core.environment:checking '/workspaces/scott_udemy_ros2/scott_docker_volume/arduinobot_ws/install/arduino_cpp_examples/lib/pkgconfig/arduino_cpp_examples.pc'
[0.392s] Level 1:colcon.colcon_core.environment:checking '/workspaces/scott_udemy_ros2/scott_docker_volume/arduinobot_ws/install/arduino_cpp_examples/lib/python3.12/site-packages'
[0.392s] Level 1:colcon.colcon_core.environment:checking '/workspaces/scott_udemy_ros2/scott_docker_volume/arduinobot_ws/install/arduino_cpp_examples/bin'
[0.392s] INFO:colcon.colcon_core.shell:Creating package script '/workspaces/scott_udemy_ros2/scott_docker_volume/arduinobot_ws/install/arduino_cpp_examples/share/arduino_cpp_examples/package.ps1'
[0.393s] INFO:colcon.colcon_core.shell:Creating package descriptor '/workspaces/scott_udemy_ros2/scott_docker_volume/arduinobot_ws/install/arduino_cpp_examples/share/arduino_cpp_examples/package.dsv'
[0.393s] INFO:colcon.colcon_core.shell:Creating package script '/workspaces/scott_udemy_ros2/scott_docker_volume/arduinobot_ws/install/arduino_cpp_examples/share/arduino_cpp_examples/package.sh'
[0.394s] INFO:colcon.colcon_core.shell:Creating package script '/workspaces/scott_udemy_ros2/scott_docker_volume/arduinobot_ws/install/arduino_cpp_examples/share/arduino_cpp_examples/package.bash'
[0.395s] INFO:colcon.colcon_core.shell:Creating package script '/workspaces/scott_udemy_ros2/scott_docker_volume/arduinobot_ws/install/arduino_cpp_examples/share/arduino_cpp_examples/package.zsh'
[0.396s] Level 1:colcon.colcon_core.environment:create_file_with_runtime_dependencies(/workspaces/scott_udemy_ros2/scott_docker_volume/arduinobot_ws/install/arduino_cpp_examples/share/colcon-core/packages/arduino_cpp_examples)
[0.832s] DEBUG:colcon.colcon_parallel_executor.executor.parallel:closing loop
[0.832s] DEBUG:colcon.colcon_parallel_executor.executor.parallel:loop closed
[0.832s] DEBUG:colcon.colcon_parallel_executor.executor.parallel:run_until_complete finished with '2'
[0.832s] DEBUG:colcon.colcon_core.event_reactor:joining thread
[0.838s] INFO:colcon.colcon_core.plugin_system:Skipping extension 'colcon_notification.desktop_notification.notify_send': Could not find 'notify-send'
[0.838s] INFO:colcon.colcon_core.plugin_system:Skipping extension 'colcon_notification.desktop_notification.terminal_notifier': Not used on non-Darwin systems
[0.838s] INFO:colcon.colcon_core.plugin_system:Skipping extension 'colcon_notification.desktop_notification.win32': Not used on non-Windows systems
[0.838s] INFO:colcon.colcon_notification.desktop_notification:Sending desktop notification using 'notify2'
[0.840s] DEBUG:colcon.colcon_notification.desktop_notification.notify2:Failed to initialize notify2: org.freedesktop.DBus.Error.Spawn.ExecFailed: /usr/bin/dbus-launch terminated abnormally without any error message
[0.841s] DEBUG:colcon.colcon_core.event_reactor:joined thread
[0.841s] INFO:colcon.colcon_core.shell:Creating prefix script '/workspaces/scott_udemy_ros2/scott_docker_volume/arduinobot_ws/install/local_setup.ps1'
[0.842s] INFO:colcon.colcon_core.shell:Creating prefix util module '/workspaces/scott_udemy_ros2/scott_docker_volume/arduinobot_ws/install/_local_setup_util_ps1.py'
[0.844s] INFO:colcon.colcon_core.shell:Creating prefix chain script '/workspaces/scott_udemy_ros2/scott_docker_volume/arduinobot_ws/install/setup.ps1'
[0.845s] INFO:colcon.colcon_core.shell:Creating prefix script '/workspaces/scott_udemy_ros2/scott_docker_volume/arduinobot_ws/install/local_setup.sh'
[0.846s] INFO:colcon.colcon_core.shell:Creating prefix util module '/workspaces/scott_udemy_ros2/scott_docker_volume/arduinobot_ws/install/_local_setup_util_sh.py'
[0.846s] INFO:colcon.colcon_core.shell:Creating prefix chain script '/workspaces/scott_udemy_ros2/scott_docker_volume/arduinobot_ws/install/setup.sh'
[0.847s] INFO:colcon.colcon_core.shell:Creating prefix script '/workspaces/scott_udemy_ros2/scott_docker_volume/arduinobot_ws/install/local_setup.bash'
[0.848s] INFO:colcon.colcon_core.shell:Creating prefix chain script '/workspaces/scott_udemy_ros2/scott_docker_volume/arduinobot_ws/install/setup.bash'
[0.849s] INFO:colcon.colcon_core.shell:Creating prefix script '/workspaces/scott_udemy_ros2/scott_docker_volume/arduinobot_ws/install/local_setup.zsh'
[0.850s] INFO:colcon.colcon_core.shell:Creating prefix chain script '/workspaces/scott_udemy_ros2/scott_docker_volume/arduinobot_ws/install/setup.zsh'
