-- The C compiler identification is GNU 13.2.0
-- The CXX compiler identification is GNU 13.2.0
-- Detecting C compiler ABI info
-- Detecting C compiler ABI info - done
-- Check for working C compiler: /usr/bin/cc - skipped
-- Detecting C compile features
-- Detecting C compile features - done
-- Detecting CXX compiler ABI info
-- Detecting CXX compiler ABI info - done
-- Check for working CXX compiler: /usr/bin/c++ - skipped
-- Detecting CXX compile features
-- Detecting CXX compile features - done
-- Found ament_cmake: 2.5.2 (/opt/ros/jazzy/share/ament_cmake/cmake)
-- Found Python3: /usr/bin/python3 (found version "3.12.3") found components: Interpreter 
-- Override CMake install command with custom implementation using symlinks instead of copying resources
-- Found ament_lint_auto: 0.17.1 (/opt/ros/jazzy/share/ament_lint_auto/cmake)
-- Added test 'lint_cmake' to check CMake code style
-- Added test 'xmllint' to check XML markup files
-- Configuring done (0.8s)
-- Generating done (0.0s)
-- Build files have been written to: /scott_docker_volume/arduinobot_ws/src/build/arduino_cpp_examples
-- Install configuration: ""
-- Execute custom install script
-- Symlinking: /scott_docker_volume/arduinobot_ws/src/install/arduino_cpp_examples/share/ament_index/resource_index/package_run_dependencies/arduino_cpp_examples
-- Symlinking: /scott_docker_volume/arduinobot_ws/src/install/arduino_cpp_examples/share/ament_index/resource_index/parent_prefix_path/arduino_cpp_examples
-- Symlinking: /scott_docker_volume/arduinobot_ws/src/install/arduino_cpp_examples/share/arduino_cpp_examples/environment/ament_prefix_path.sh
-- Symlinking: /scott_docker_volume/arduinobot_ws/src/install/arduino_cpp_examples/share/arduino_cpp_examples/environment/ament_prefix_path.dsv
-- Symlinking: /scott_docker_volume/arduinobot_ws/src/install/arduino_cpp_examples/share/arduino_cpp_examples/environment/path.sh
-- Symlinking: /scott_docker_volume/arduinobot_ws/src/install/arduino_cpp_examples/share/arduino_cpp_examples/environment/path.dsv
-- Symlinking: /scott_docker_volume/arduinobot_ws/src/install/arduino_cpp_examples/share/arduino_cpp_examples/local_setup.bash
-- Symlinking: /scott_docker_volume/arduinobot_ws/src/install/arduino_cpp_examples/share/arduino_cpp_examples/local_setup.sh
-- Symlinking: /scott_docker_volume/arduinobot_ws/src/install/arduino_cpp_examples/share/arduino_cpp_examples/local_setup.zsh
-- Symlinking: /scott_docker_volume/arduinobot_ws/src/install/arduino_cpp_examples/share/arduino_cpp_examples/local_setup.dsv
-- Symlinking: /scott_docker_volume/arduinobot_ws/src/install/arduino_cpp_examples/share/arduino_cpp_examples/package.dsv
-- Symlinking: /scott_docker_volume/arduinobot_ws/src/install/arduino_cpp_examples/share/ament_index/resource_index/packages/arduino_cpp_examples
-- Symlinking: /scott_docker_volume/arduinobot_ws/src/install/arduino_cpp_examples/share/arduino_cpp_examples/cmake/arduino_cpp_examplesConfig.cmake
-- Symlinking: /scott_docker_volume/arduinobot_ws/src/install/arduino_cpp_examples/share/arduino_cpp_examples/cmake/arduino_cpp_examplesConfig-version.cmake
-- Symlinking: /scott_docker_volume/arduinobot_ws/src/install/arduino_cpp_examples/share/arduino_cpp_examples/package.xml
