[0.015s] Invoking command in '/scott_docker_volume/arduinobot_ws/src/build/arduino_cpp_examples': CMAKE_PREFIX_PATH=${CMAKE_PREFIX_PATH}:/opt/ros/jazzy /usr/bin/cmake /scott_docker_volume/arduinobot_ws/src/arduino_cpp_examples -DAMENT_CMAKE_SYMLINK_INSTALL=1 -DCMAKE_INSTALL_PREFIX=/scott_docker_volume/arduinobot_ws/src/install/arduino_cpp_examples
[0.078s] -- The C compiler identification is GNU 13.2.0
[0.140s] -- The CXX compiler identification is GNU 13.2.0
[0.159s] -- Detecting C compiler ABI info
[0.255s] -- Detecting C compiler ABI info - done
[0.269s] -- Check for working C compiler: /usr/bin/cc - skipped
[0.269s] -- Detecting C compile features
[0.269s] -- Detecting C compile features - done
[0.280s] -- Detecting CXX compiler ABI info
[0.383s] -- Detecting CXX compiler ABI info - done
[0.397s] -- Check for working CXX compiler: /usr/bin/c++ - skipped
[0.397s] -- Detecting CXX compile features
[0.398s] -- Detecting CXX compile features - done
[0.403s] -- Found ament_cmake: 2.5.2 (/opt/ros/jazzy/share/ament_cmake/cmake)
[0.548s] -- Found Python3: /usr/bin/python3 (found version "3.12.3") found components: Interpreter 
[0.611s] -- Override CMake install command with custom implementation using symlinks instead of copying resources
[0.679s] -- Found ament_lint_auto: 0.17.1 (/opt/ros/jazzy/share/ament_lint_auto/cmake)
[0.782s] -- Added test 'lint_cmake' to check CMake code style
[0.783s] -- Added test 'xmllint' to check XML markup files
[0.784s] -- Configuring done (0.8s)
[0.787s] -- Generating done (0.0s)
[0.787s] -- Build files have been written to: /scott_docker_volume/arduinobot_ws/src/build/arduino_cpp_examples
[0.791s] Invoked command in '/scott_docker_volume/arduinobot_ws/src/build/arduino_cpp_examples' returned '0': CMAKE_PREFIX_PATH=${CMAKE_PREFIX_PATH}:/opt/ros/jazzy /usr/bin/cmake /scott_docker_volume/arduinobot_ws/src/arduino_cpp_examples -DAMENT_CMAKE_SYMLINK_INSTALL=1 -DCMAKE_INSTALL_PREFIX=/scott_docker_volume/arduinobot_ws/src/install/arduino_cpp_examples
[0.793s] Invoking command in '/scott_docker_volume/arduinobot_ws/src/build/arduino_cpp_examples': CMAKE_PREFIX_PATH=${CMAKE_PREFIX_PATH}:/opt/ros/jazzy /usr/bin/cmake --build /scott_docker_volume/arduinobot_ws/src/build/arduino_cpp_examples -- -j24 -l24
[0.836s] Invoked command in '/scott_docker_volume/arduinobot_ws/src/build/arduino_cpp_examples' returned '0': CMAKE_PREFIX_PATH=${CMAKE_PREFIX_PATH}:/opt/ros/jazzy /usr/bin/cmake --build /scott_docker_volume/arduinobot_ws/src/build/arduino_cpp_examples -- -j24 -l24
[0.868s] Invoking command in '/scott_docker_volume/arduinobot_ws/src/build/arduino_cpp_examples': CMAKE_PREFIX_PATH=${CMAKE_PREFIX_PATH}:/opt/ros/jazzy /usr/bin/cmake --install /scott_docker_volume/arduinobot_ws/src/build/arduino_cpp_examples
[0.878s] -- Install configuration: ""
[0.879s] -- Execute custom install script
[0.879s] -- Symlinking: /scott_docker_volume/arduinobot_ws/src/install/arduino_cpp_examples/share/ament_index/resource_index/package_run_dependencies/arduino_cpp_examples
[0.890s] -- Symlinking: /scott_docker_volume/arduinobot_ws/src/install/arduino_cpp_examples/share/ament_index/resource_index/parent_prefix_path/arduino_cpp_examples
[0.900s] -- Symlinking: /scott_docker_volume/arduinobot_ws/src/install/arduino_cpp_examples/share/arduino_cpp_examples/environment/ament_prefix_path.sh
[0.910s] -- Symlinking: /scott_docker_volume/arduinobot_ws/src/install/arduino_cpp_examples/share/arduino_cpp_examples/environment/ament_prefix_path.dsv
[0.921s] -- Symlinking: /scott_docker_volume/arduinobot_ws/src/install/arduino_cpp_examples/share/arduino_cpp_examples/environment/path.sh
[0.930s] -- Symlinking: /scott_docker_volume/arduinobot_ws/src/install/arduino_cpp_examples/share/arduino_cpp_examples/environment/path.dsv
[0.942s] -- Symlinking: /scott_docker_volume/arduinobot_ws/src/install/arduino_cpp_examples/share/arduino_cpp_examples/local_setup.bash
[0.954s] -- Symlinking: /scott_docker_volume/arduinobot_ws/src/install/arduino_cpp_examples/share/arduino_cpp_examples/local_setup.sh
[0.966s] -- Symlinking: /scott_docker_volume/arduinobot_ws/src/install/arduino_cpp_examples/share/arduino_cpp_examples/local_setup.zsh
[0.978s] -- Symlinking: /scott_docker_volume/arduinobot_ws/src/install/arduino_cpp_examples/share/arduino_cpp_examples/local_setup.dsv
[0.988s] -- Symlinking: /scott_docker_volume/arduinobot_ws/src/install/arduino_cpp_examples/share/arduino_cpp_examples/package.dsv
[0.998s] -- Symlinking: /scott_docker_volume/arduinobot_ws/src/install/arduino_cpp_examples/share/ament_index/resource_index/packages/arduino_cpp_examples
[1.006s] -- Symlinking: /scott_docker_volume/arduinobot_ws/src/install/arduino_cpp_examples/share/arduino_cpp_examples/cmake/arduino_cpp_examplesConfig.cmake
[1.016s] -- Symlinking: /scott_docker_volume/arduinobot_ws/src/install/arduino_cpp_examples/share/arduino_cpp_examples/cmake/arduino_cpp_examplesConfig-version.cmake
[1.025s] -- Symlinking: /scott_docker_volume/arduinobot_ws/src/install/arduino_cpp_examples/share/arduino_cpp_examples/package.xml
[1.037s] Invoked command in '/scott_docker_volume/arduinobot_ws/src/build/arduino_cpp_examples' returned '0': CMAKE_PREFIX_PATH=${CMAKE_PREFIX_PATH}:/opt/ros/jazzy /usr/bin/cmake --install /scott_docker_volume/arduinobot_ws/src/build/arduino_cpp_examples
