[0.080s] DEBUG:colcon:Command line arguments: ['/usr/bin/colcon', 'build', '--symlink-install']
[0.080s] DEBUG:colcon:Parsed command line arguments: Namespace(log_base=None, log_level=None, verb_name='build', build_base='build', install_base='install', merge_install=False, symlink_install=True, test_result_base=None, continue_on_error=False, executor='parallel', parallel_workers=24, event_handlers=None, ignore_user_meta=False, metas=['./colcon.meta'], base_paths=['.'], packages_ignore=None, packages_ignore_regex=None, paths=None, packages_up_to=None, packages_up_to_regex=None, packages_above=None, packages_above_and_dependencies=None, packages_above_depth=None, packages_select_by_dep=None, packages_skip_by_dep=None, packages_skip_up_to=None, packages_select_build_failed=False, packages_skip_build_finished=False, packages_select_test_failures=False, packages_skip_test_passed=False, packages_select=None, packages_skip=None, packages_select_regex=None, packages_skip_regex=None, packages_start=None, packages_end=None, allow_overriding=[], cmake_args=None, cmake_target=None, cmake_target_skip_unavailable=False, cmake_clean_cache=False, cmake_clean_first=False, cmake_force_configure=False, ament_cmake_args=None, catkin_cmake_args=None, catkin_skip_building_tests=False, mixin_files=None, mixin=None, verb_parser=<colcon_mixin.mixin.mixin_argument.MixinArgumentDecorator object at 0x7f85745feea0>, verb_extension=<colcon_core.verb.build.BuildVerb object at 0x7f8574761d30>, main=<bound method BuildVerb.main of <colcon_core.verb.build.BuildVerb object at 0x7f8574761d30>>, mixin_verb=('build',))
[0.107s] Level 1:colcon.colcon_core.package_discovery:discover_packages(colcon_meta) check parameters
[0.107s] Level 1:colcon.colcon_core.package_discovery:discover_packages(recursive) check parameters
[0.107s] Level 1:colcon.colcon_core.package_discovery:discover_packages(ignore) check parameters
[0.107s] Level 1:colcon.colcon_core.package_discovery:discover_packages(path) check parameters
[0.107s] Level 1:colcon.colcon_core.package_discovery:discover_packages(colcon_meta) discover
[0.108s] Level 1:colcon.colcon_core.package_discovery:discover_packages(recursive) discover
[0.108s] INFO:colcon.colcon_core.package_discovery:Crawling recursively for packages in '/scott_docker_volume/arduinobot_ws/src'
[0.108s] Level 1:colcon.colcon_core.package_identification:_identify(.) by extensions ['ignore', 'ignore_ament_install']
[0.108s] Level 1:colcon.colcon_core.package_identification:_identify(.) by extension 'ignore'
[0.108s] Level 1:colcon.colcon_core.package_identification:_identify(.) by extension 'ignore_ament_install'
[0.108s] Level 1:colcon.colcon_core.package_identification:_identify(.) by extensions ['colcon_pkg']
[0.108s] Level 1:colcon.colcon_core.package_identification:_identify(.) by extension 'colcon_pkg'
[0.108s] Level 1:colcon.colcon_core.package_identification:_identify(.) by extensions ['colcon_meta']
[0.108s] Level 1:colcon.colcon_core.package_identification:_identify(.) by extension 'colcon_meta'
[0.108s] Level 1:colcon.colcon_core.package_identification:_identify(.) by extensions ['ros']
[0.108s] Level 1:colcon.colcon_core.package_identification:_identify(.) by extension 'ros'
[0.127s] Level 1:colcon.colcon_core.package_identification:_identify(.) by extensions ['cmake', 'python']
[0.127s] Level 1:colcon.colcon_core.package_identification:_identify(.) by extension 'cmake'
[0.127s] Level 1:colcon.colcon_core.package_identification:_identify(.) by extension 'python'
[0.127s] Level 1:colcon.colcon_core.package_identification:_identify(.) by extensions ['python_setup_py']
[0.127s] Level 1:colcon.colcon_core.package_identification:_identify(.) by extension 'python_setup_py'
[0.127s] Level 1:colcon.colcon_core.package_identification:_identify(arduino_cpp_examples) by extensions ['ignore', 'ignore_ament_install']
[0.127s] Level 1:colcon.colcon_core.package_identification:_identify(arduino_cpp_examples) by extension 'ignore'
[0.127s] Level 1:colcon.colcon_core.package_identification:_identify(arduino_cpp_examples) by extension 'ignore_ament_install'
[0.127s] Level 1:colcon.colcon_core.package_identification:_identify(arduino_cpp_examples) by extensions ['colcon_pkg']
[0.127s] Level 1:colcon.colcon_core.package_identification:_identify(arduino_cpp_examples) by extension 'colcon_pkg'
[0.127s] Level 1:colcon.colcon_core.package_identification:_identify(arduino_cpp_examples) by extensions ['colcon_meta']
[0.127s] Level 1:colcon.colcon_core.package_identification:_identify(arduino_cpp_examples) by extension 'colcon_meta'
[0.127s] Level 1:colcon.colcon_core.package_identification:_identify(arduino_cpp_examples) by extensions ['ros']
[0.127s] Level 1:colcon.colcon_core.package_identification:_identify(arduino_cpp_examples) by extension 'ros'
[0.129s] DEBUG:colcon.colcon_core.package_identification:Package 'arduino_cpp_examples' with type 'ros.ament_cmake' and name 'arduino_cpp_examples'
[0.129s] Level 1:colcon.colcon_core.package_identification:_identify(arduino_py_examples) by extensions ['ignore', 'ignore_ament_install']
[0.129s] Level 1:colcon.colcon_core.package_identification:_identify(arduino_py_examples) by extension 'ignore'
[0.129s] Level 1:colcon.colcon_core.package_identification:_identify(arduino_py_examples) by extension 'ignore_ament_install'
[0.129s] Level 1:colcon.colcon_core.package_identification:_identify(arduino_py_examples) by extensions ['colcon_pkg']
[0.129s] Level 1:colcon.colcon_core.package_identification:_identify(arduino_py_examples) by extension 'colcon_pkg'
[0.129s] Level 1:colcon.colcon_core.package_identification:_identify(arduino_py_examples) by extensions ['colcon_meta']
[0.129s] Level 1:colcon.colcon_core.package_identification:_identify(arduino_py_examples) by extension 'colcon_meta'
[0.129s] Level 1:colcon.colcon_core.package_identification:_identify(arduino_py_examples) by extensions ['ros']
[0.129s] Level 1:colcon.colcon_core.package_identification:_identify(arduino_py_examples) by extension 'ros'
[0.130s] DEBUG:colcon.colcon_core.package_identification:Package 'arduino_py_examples' with type 'ros.ament_python' and name 'arduino_py_examples'
[0.130s] Level 1:colcon.colcon_core.package_identification:_identify(build) by extensions ['ignore', 'ignore_ament_install']
[0.130s] Level 1:colcon.colcon_core.package_identification:_identify(build) by extension 'ignore'
[0.130s] Level 1:colcon.colcon_core.package_identification:_identify(build) ignored
[0.130s] Level 1:colcon.colcon_core.package_identification:_identify(install) by extensions ['ignore', 'ignore_ament_install']
[0.130s] Level 1:colcon.colcon_core.package_identification:_identify(install) by extension 'ignore'
[0.130s] Level 1:colcon.colcon_core.package_identification:_identify(install) ignored
[0.130s] Level 1:colcon.colcon_core.package_identification:_identify(log) by extensions ['ignore', 'ignore_ament_install']
[0.130s] Level 1:colcon.colcon_core.package_identification:_identify(log) by extension 'ignore'
[0.130s] Level 1:colcon.colcon_core.package_identification:_identify(log) ignored
[0.130s] Level 1:colcon.colcon_core.package_discovery:discover_packages(recursive) using defaults
[0.130s] Level 1:colcon.colcon_core.package_discovery:discover_packages(ignore) discover
[0.130s] Level 1:colcon.colcon_core.package_discovery:discover_packages(ignore) using defaults
[0.130s] Level 1:colcon.colcon_core.package_discovery:discover_packages(path) discover
[0.130s] Level 1:colcon.colcon_core.package_discovery:discover_packages(path) using defaults
[0.143s] Level 1:colcon.colcon_core.package_discovery:discover_packages(prefix_path) check parameters
[0.143s] Level 1:colcon.colcon_core.package_discovery:discover_packages(prefix_path) discover
[0.145s] DEBUG:colcon.colcon_installed_package_information.package_discovery:Found 423 installed packages in /opt/ros/jazzy
[0.147s] Level 1:colcon.colcon_core.package_discovery:discover_packages(prefix_path) using defaults
[0.192s] Level 5:colcon.colcon_core.verb:set package 'arduino_cpp_examples' build argument 'cmake_args' from command line to 'None'
[0.192s] Level 5:colcon.colcon_core.verb:set package 'arduino_cpp_examples' build argument 'cmake_target' from command line to 'None'
[0.192s] Level 5:colcon.colcon_core.verb:set package 'arduino_cpp_examples' build argument 'cmake_target_skip_unavailable' from command line to 'False'
[0.192s] Level 5:colcon.colcon_core.verb:set package 'arduino_cpp_examples' build argument 'cmake_clean_cache' from command line to 'False'
[0.192s] Level 5:colcon.colcon_core.verb:set package 'arduino_cpp_examples' build argument 'cmake_clean_first' from command line to 'False'
[0.192s] Level 5:colcon.colcon_core.verb:set package 'arduino_cpp_examples' build argument 'cmake_force_configure' from command line to 'False'
[0.192s] Level 5:colcon.colcon_core.verb:set package 'arduino_cpp_examples' build argument 'ament_cmake_args' from command line to 'None'
[0.192s] Level 5:colcon.colcon_core.verb:set package 'arduino_cpp_examples' build argument 'catkin_cmake_args' from command line to 'None'
[0.192s] Level 5:colcon.colcon_core.verb:set package 'arduino_cpp_examples' build argument 'catkin_skip_building_tests' from command line to 'False'
[0.192s] DEBUG:colcon.colcon_core.verb:Building package 'arduino_cpp_examples' with the following arguments: {'ament_cmake_args': None, 'build_base': '/scott_docker_volume/arduinobot_ws/src/build/arduino_cpp_examples', 'catkin_cmake_args': None, 'catkin_skip_building_tests': False, 'cmake_args': None, 'cmake_clean_cache': False, 'cmake_clean_first': False, 'cmake_force_configure': False, 'cmake_target': None, 'cmake_target_skip_unavailable': False, 'install_base': '/scott_docker_volume/arduinobot_ws/src/install/arduino_cpp_examples', 'merge_install': False, 'path': '/scott_docker_volume/arduinobot_ws/src/arduino_cpp_examples', 'symlink_install': True, 'test_result_base': None}
[0.193s] Level 5:colcon.colcon_core.verb:set package 'arduino_py_examples' build argument 'cmake_args' from command line to 'None'
[0.193s] Level 5:colcon.colcon_core.verb:set package 'arduino_py_examples' build argument 'cmake_target' from command line to 'None'
[0.193s] Level 5:colcon.colcon_core.verb:set package 'arduino_py_examples' build argument 'cmake_target_skip_unavailable' from command line to 'False'
[0.193s] Level 5:colcon.colcon_core.verb:set package 'arduino_py_examples' build argument 'cmake_clean_cache' from command line to 'False'
[0.193s] Level 5:colcon.colcon_core.verb:set package 'arduino_py_examples' build argument 'cmake_clean_first' from command line to 'False'
[0.193s] Level 5:colcon.colcon_core.verb:set package 'arduino_py_examples' build argument 'cmake_force_configure' from command line to 'False'
[0.193s] Level 5:colcon.colcon_core.verb:set package 'arduino_py_examples' build argument 'ament_cmake_args' from command line to 'None'
[0.193s] Level 5:colcon.colcon_core.verb:set package 'arduino_py_examples' build argument 'catkin_cmake_args' from command line to 'None'
[0.193s] Level 5:colcon.colcon_core.verb:set package 'arduino_py_examples' build argument 'catkin_skip_building_tests' from command line to 'False'
[0.193s] DEBUG:colcon.colcon_core.verb:Building package 'arduino_py_examples' with the following arguments: {'ament_cmake_args': None, 'build_base': '/scott_docker_volume/arduinobot_ws/src/build/arduino_py_examples', 'catkin_cmake_args': None, 'catkin_skip_building_tests': False, 'cmake_args': None, 'cmake_clean_cache': False, 'cmake_clean_first': False, 'cmake_force_configure': False, 'cmake_target': None, 'cmake_target_skip_unavailable': False, 'install_base': '/scott_docker_volume/arduinobot_ws/src/install/arduino_py_examples', 'merge_install': False, 'path': '/scott_docker_volume/arduinobot_ws/src/arduino_py_examples', 'symlink_install': True, 'test_result_base': None}
[0.193s] INFO:colcon.colcon_core.executor:Executing jobs using 'parallel' executor
[0.194s] DEBUG:colcon.colcon_parallel_executor.executor.parallel:run_until_complete
[0.194s] INFO:colcon.colcon_ros.task.ament_cmake.build:Building ROS package in '/scott_docker_volume/arduinobot_ws/src/arduino_cpp_examples' with build type 'ament_cmake'
[0.194s] INFO:colcon.colcon_cmake.task.cmake.build:Building CMake package in '/scott_docker_volume/arduinobot_ws/src/arduino_cpp_examples'
[0.197s] INFO:colcon.colcon_core.plugin_system:Skipping extension 'colcon_core.shell.bat': Not used on non-Windows systems
[0.197s] INFO:colcon.colcon_core.shell:Skip shell extension 'powershell' for command environment: Not usable outside of PowerShell
[0.197s] DEBUG:colcon.colcon_core.shell:Skip shell extension 'dsv' for command environment
[0.203s] INFO:colcon.colcon_ros.task.ament_python.build:Building ROS package in '/scott_docker_volume/arduinobot_ws/src/arduino_py_examples' with build type 'ament_python'
[0.203s] Level 1:colcon.colcon_core.shell:create_environment_hook('arduino_py_examples', 'ament_prefix_path')
[0.203s] INFO:colcon.colcon_core.shell:Creating environment hook '/scott_docker_volume/arduinobot_ws/src/install/arduino_py_examples/share/arduino_py_examples/hook/ament_prefix_path.ps1'
[0.204s] INFO:colcon.colcon_core.shell:Creating environment descriptor '/scott_docker_volume/arduinobot_ws/src/install/arduino_py_examples/share/arduino_py_examples/hook/ament_prefix_path.dsv'
[0.204s] INFO:colcon.colcon_core.shell:Creating environment hook '/scott_docker_volume/arduinobot_ws/src/install/arduino_py_examples/share/arduino_py_examples/hook/ament_prefix_path.sh'
[0.205s] INFO:colcon.colcon_core.shell:Skip shell extension 'powershell' for command environment: Not usable outside of PowerShell
[0.205s] DEBUG:colcon.colcon_core.shell:Skip shell extension 'dsv' for command environment
[0.210s] DEBUG:colcon.colcon_core.event_handler.log_command:Invoking command in '/scott_docker_volume/arduinobot_ws/src/build/arduino_cpp_examples': CMAKE_PREFIX_PATH=${CMAKE_PREFIX_PATH}:/opt/ros/jazzy /usr/bin/cmake /scott_docker_volume/arduinobot_ws/src/arduino_cpp_examples -DAMENT_CMAKE_SYMLINK_INSTALL=1 -DCMAKE_INSTALL_PREFIX=/scott_docker_volume/arduinobot_ws/src/install/arduino_cpp_examples
[0.386s] INFO:colcon.colcon_core.task.python.build:Building Python package in '/scott_docker_volume/arduinobot_ws/src/arduino_py_examples'
[0.386s] INFO:colcon.colcon_core.shell:Skip shell extension 'powershell' for command environment: Not usable outside of PowerShell
[0.386s] DEBUG:colcon.colcon_core.shell:Skip shell extension 'dsv' for command environment
[0.907s] DEBUG:colcon.colcon_core.event_handler.log_command:Invoking command in '/scott_docker_volume/arduinobot_ws/src/build/arduino_py_examples': PYTHONPATH=/scott_docker_volume/arduinobot_ws/src/build/arduino_py_examples/prefix_override:/usr/lib/python3/dist-packages/colcon_core/task/python/colcon_distutils_commands:/scott_docker_volume/arduinobot_ws/src/install/arduino_py_examples/lib/python3.12/site-packages:${PYTHONPATH} /usr/bin/python3 -W ignore:setup.py install is deprecated setup.py develop --editable --build-directory /scott_docker_volume/arduinobot_ws/src/build/arduino_py_examples/build --no-deps symlink_data
[0.985s] DEBUG:colcon.colcon_core.event_handler.log_command:Invoked command in '/scott_docker_volume/arduinobot_ws/src/build/arduino_cpp_examples' returned '0': CMAKE_PREFIX_PATH=${CMAKE_PREFIX_PATH}:/opt/ros/jazzy /usr/bin/cmake /scott_docker_volume/arduinobot_ws/src/arduino_cpp_examples -DAMENT_CMAKE_SYMLINK_INSTALL=1 -DCMAKE_INSTALL_PREFIX=/scott_docker_volume/arduinobot_ws/src/install/arduino_cpp_examples
[0.987s] DEBUG:colcon.colcon_core.event_handler.log_command:Invoking command in '/scott_docker_volume/arduinobot_ws/src/build/arduino_cpp_examples': CMAKE_PREFIX_PATH=${CMAKE_PREFIX_PATH}:/opt/ros/jazzy /usr/bin/cmake --build /scott_docker_volume/arduinobot_ws/src/build/arduino_cpp_examples -- -j24 -l24
[1.030s] DEBUG:colcon.colcon_core.event_handler.log_command:Invoked command in '/scott_docker_volume/arduinobot_ws/src/build/arduino_cpp_examples' returned '0': CMAKE_PREFIX_PATH=${CMAKE_PREFIX_PATH}:/opt/ros/jazzy /usr/bin/cmake --build /scott_docker_volume/arduinobot_ws/src/build/arduino_cpp_examples -- -j24 -l24
[1.063s] DEBUG:colcon.colcon_core.event_handler.log_command:Invoking command in '/scott_docker_volume/arduinobot_ws/src/build/arduino_cpp_examples': CMAKE_PREFIX_PATH=${CMAKE_PREFIX_PATH}:/opt/ros/jazzy /usr/bin/cmake --install /scott_docker_volume/arduinobot_ws/src/build/arduino_cpp_examples
[1.230s] Level 1:colcon.colcon_core.environment:create_environment_scripts_only(arduino_cpp_examples)
[1.231s] DEBUG:colcon.colcon_core.event_handler.log_command:Invoked command in '/scott_docker_volume/arduinobot_ws/src/build/arduino_cpp_examples' returned '0': CMAKE_PREFIX_PATH=${CMAKE_PREFIX_PATH}:/opt/ros/jazzy /usr/bin/cmake --install /scott_docker_volume/arduinobot_ws/src/build/arduino_cpp_examples
[1.233s] Level 1:colcon.colcon_core.environment:checking '/scott_docker_volume/arduinobot_ws/src/install/arduino_cpp_examples' for CMake module files
[1.233s] Level 1:colcon.colcon_core.environment:checking '/scott_docker_volume/arduinobot_ws/src/install/arduino_cpp_examples' for CMake config files
[1.233s] Level 1:colcon.colcon_core.shell:create_environment_hook('arduino_cpp_examples', 'cmake_prefix_path')
[1.234s] INFO:colcon.colcon_core.shell:Creating environment hook '/scott_docker_volume/arduinobot_ws/src/install/arduino_cpp_examples/share/arduino_cpp_examples/hook/cmake_prefix_path.ps1'
[1.234s] INFO:colcon.colcon_core.shell:Creating environment descriptor '/scott_docker_volume/arduinobot_ws/src/install/arduino_cpp_examples/share/arduino_cpp_examples/hook/cmake_prefix_path.dsv'
[1.234s] INFO:colcon.colcon_core.shell:Creating environment hook '/scott_docker_volume/arduinobot_ws/src/install/arduino_cpp_examples/share/arduino_cpp_examples/hook/cmake_prefix_path.sh'
[1.235s] Level 1:colcon.colcon_core.environment:checking '/scott_docker_volume/arduinobot_ws/src/install/arduino_cpp_examples/bin'
[1.235s] Level 1:colcon.colcon_core.environment:checking '/scott_docker_volume/arduinobot_ws/src/install/arduino_cpp_examples/lib/pkgconfig/arduino_cpp_examples.pc'
[1.235s] Level 1:colcon.colcon_core.environment:checking '/scott_docker_volume/arduinobot_ws/src/install/arduino_cpp_examples/lib/python3.12/site-packages'
[1.235s] Level 1:colcon.colcon_core.environment:checking '/scott_docker_volume/arduinobot_ws/src/install/arduino_cpp_examples/bin'
[1.235s] INFO:colcon.colcon_core.shell:Creating package script '/scott_docker_volume/arduinobot_ws/src/install/arduino_cpp_examples/share/arduino_cpp_examples/package.ps1'
[1.236s] INFO:colcon.colcon_core.shell:Creating package descriptor '/scott_docker_volume/arduinobot_ws/src/install/arduino_cpp_examples/share/arduino_cpp_examples/package.dsv'
[1.236s] INFO:colcon.colcon_core.shell:Creating package script '/scott_docker_volume/arduinobot_ws/src/install/arduino_cpp_examples/share/arduino_cpp_examples/package.sh'
[1.236s] INFO:colcon.colcon_core.shell:Creating package script '/scott_docker_volume/arduinobot_ws/src/install/arduino_cpp_examples/share/arduino_cpp_examples/package.bash'
[1.237s] INFO:colcon.colcon_core.shell:Creating package script '/scott_docker_volume/arduinobot_ws/src/install/arduino_cpp_examples/share/arduino_cpp_examples/package.zsh'
[1.237s] Level 1:colcon.colcon_core.environment:create_file_with_runtime_dependencies(/scott_docker_volume/arduinobot_ws/src/install/arduino_cpp_examples/share/colcon-core/packages/arduino_cpp_examples)
[1.261s] Level 1:colcon.colcon_core.environment:create_environment_scripts_only(arduino_cpp_examples)
[1.261s] Level 1:colcon.colcon_core.environment:checking '/scott_docker_volume/arduinobot_ws/src/install/arduino_cpp_examples' for CMake module files
[1.261s] Level 1:colcon.colcon_core.environment:checking '/scott_docker_volume/arduinobot_ws/src/install/arduino_cpp_examples' for CMake config files
[1.262s] Level 1:colcon.colcon_core.shell:create_environment_hook('arduino_cpp_examples', 'cmake_prefix_path')
[1.262s] INFO:colcon.colcon_core.shell:Creating environment hook '/scott_docker_volume/arduinobot_ws/src/install/arduino_cpp_examples/share/arduino_cpp_examples/hook/cmake_prefix_path.ps1'
[1.262s] INFO:colcon.colcon_core.shell:Creating environment descriptor '/scott_docker_volume/arduinobot_ws/src/install/arduino_cpp_examples/share/arduino_cpp_examples/hook/cmake_prefix_path.dsv'
[1.262s] INFO:colcon.colcon_core.shell:Creating environment hook '/scott_docker_volume/arduinobot_ws/src/install/arduino_cpp_examples/share/arduino_cpp_examples/hook/cmake_prefix_path.sh'
[1.263s] Level 1:colcon.colcon_core.environment:checking '/scott_docker_volume/arduinobot_ws/src/install/arduino_cpp_examples/bin'
[1.263s] Level 1:colcon.colcon_core.environment:checking '/scott_docker_volume/arduinobot_ws/src/install/arduino_cpp_examples/lib/pkgconfig/arduino_cpp_examples.pc'
[1.263s] Level 1:colcon.colcon_core.environment:checking '/scott_docker_volume/arduinobot_ws/src/install/arduino_cpp_examples/lib/python3.12/site-packages'
[1.264s] Level 1:colcon.colcon_core.environment:checking '/scott_docker_volume/arduinobot_ws/src/install/arduino_cpp_examples/bin'
[1.264s] INFO:colcon.colcon_core.shell:Creating package script '/scott_docker_volume/arduinobot_ws/src/install/arduino_cpp_examples/share/arduino_cpp_examples/package.ps1'
[1.264s] INFO:colcon.colcon_core.shell:Creating package descriptor '/scott_docker_volume/arduinobot_ws/src/install/arduino_cpp_examples/share/arduino_cpp_examples/package.dsv'
[1.265s] INFO:colcon.colcon_core.shell:Creating package script '/scott_docker_volume/arduinobot_ws/src/install/arduino_cpp_examples/share/arduino_cpp_examples/package.sh'
[1.265s] INFO:colcon.colcon_core.shell:Creating package script '/scott_docker_volume/arduinobot_ws/src/install/arduino_cpp_examples/share/arduino_cpp_examples/package.bash'
[1.266s] INFO:colcon.colcon_core.shell:Creating package script '/scott_docker_volume/arduinobot_ws/src/install/arduino_cpp_examples/share/arduino_cpp_examples/package.zsh'
[1.266s] Level 1:colcon.colcon_core.environment:create_file_with_runtime_dependencies(/scott_docker_volume/arduinobot_ws/src/install/arduino_cpp_examples/share/colcon-core/packages/arduino_cpp_examples)
[1.493s] Level 1:colcon.colcon_core.shell:create_environment_hook('arduino_py_examples', 'pythonpath_develop')
[1.493s] INFO:colcon.colcon_core.shell:Creating environment hook '/scott_docker_volume/arduinobot_ws/src/build/arduino_py_examples/share/arduino_py_examples/hook/pythonpath_develop.ps1'
[1.494s] DEBUG:colcon.colcon_core.event_handler.log_command:Invoked command in '/scott_docker_volume/arduinobot_ws/src/build/arduino_py_examples' returned '0': PYTHONPATH=/scott_docker_volume/arduinobot_ws/src/build/arduino_py_examples/prefix_override:/usr/lib/python3/dist-packages/colcon_core/task/python/colcon_distutils_commands:/scott_docker_volume/arduinobot_ws/src/install/arduino_py_examples/lib/python3.12/site-packages:${PYTHONPATH} /usr/bin/python3 -W ignore:setup.py install is deprecated setup.py develop --editable --build-directory /scott_docker_volume/arduinobot_ws/src/build/arduino_py_examples/build --no-deps symlink_data
[1.494s] INFO:colcon.colcon_core.shell:Creating environment descriptor '/scott_docker_volume/arduinobot_ws/src/build/arduino_py_examples/share/arduino_py_examples/hook/pythonpath_develop.dsv'
[1.495s] INFO:colcon.colcon_core.shell:Creating environment hook '/scott_docker_volume/arduinobot_ws/src/build/arduino_py_examples/share/arduino_py_examples/hook/pythonpath_develop.sh'
[1.496s] Level 1:colcon.colcon_core.environment:checking '/scott_docker_volume/arduinobot_ws/src/install/arduino_py_examples' for CMake module files
[1.496s] Level 1:colcon.colcon_core.environment:checking '/scott_docker_volume/arduinobot_ws/src/install/arduino_py_examples' for CMake config files
[1.497s] Level 1:colcon.colcon_core.environment:checking '/scott_docker_volume/arduinobot_ws/src/install/arduino_py_examples/lib'
[1.497s] Level 1:colcon.colcon_core.environment:checking '/scott_docker_volume/arduinobot_ws/src/install/arduino_py_examples/bin'
[1.497s] Level 1:colcon.colcon_core.environment:checking '/scott_docker_volume/arduinobot_ws/src/install/arduino_py_examples/lib/pkgconfig/arduino_py_examples.pc'
[1.498s] Level 1:colcon.colcon_core.environment:checking '/scott_docker_volume/arduinobot_ws/src/install/arduino_py_examples/lib/python3.12/site-packages'
[1.498s] Level 1:colcon.colcon_core.shell:create_environment_hook('arduino_py_examples', 'pythonpath')
[1.498s] INFO:colcon.colcon_core.shell:Creating environment hook '/scott_docker_volume/arduinobot_ws/src/install/arduino_py_examples/share/arduino_py_examples/hook/pythonpath.ps1'
[1.499s] INFO:colcon.colcon_core.shell:Creating environment descriptor '/scott_docker_volume/arduinobot_ws/src/install/arduino_py_examples/share/arduino_py_examples/hook/pythonpath.dsv'
[1.499s] INFO:colcon.colcon_core.shell:Creating environment hook '/scott_docker_volume/arduinobot_ws/src/install/arduino_py_examples/share/arduino_py_examples/hook/pythonpath.sh'
[1.500s] Level 1:colcon.colcon_core.environment:checking '/scott_docker_volume/arduinobot_ws/src/install/arduino_py_examples/bin'
[1.500s] Level 1:colcon.colcon_core.environment:create_environment_scripts_only(arduino_py_examples)
[1.500s] INFO:colcon.colcon_core.shell:Creating package script '/scott_docker_volume/arduinobot_ws/src/install/arduino_py_examples/share/arduino_py_examples/package.ps1'
[1.501s] INFO:colcon.colcon_core.shell:Creating package descriptor '/scott_docker_volume/arduinobot_ws/src/install/arduino_py_examples/share/arduino_py_examples/package.dsv'
[1.501s] INFO:colcon.colcon_core.shell:Creating package script '/scott_docker_volume/arduinobot_ws/src/install/arduino_py_examples/share/arduino_py_examples/package.sh'
[1.502s] INFO:colcon.colcon_core.shell:Creating package script '/scott_docker_volume/arduinobot_ws/src/install/arduino_py_examples/share/arduino_py_examples/package.bash'
[1.502s] INFO:colcon.colcon_core.shell:Creating package script '/scott_docker_volume/arduinobot_ws/src/install/arduino_py_examples/share/arduino_py_examples/package.zsh'
[1.502s] Level 1:colcon.colcon_core.environment:create_file_with_runtime_dependencies(/scott_docker_volume/arduinobot_ws/src/install/arduino_py_examples/share/colcon-core/packages/arduino_py_examples)
[1.502s] DEBUG:colcon.colcon_parallel_executor.executor.parallel:closing loop
[1.502s] DEBUG:colcon.colcon_parallel_executor.executor.parallel:loop closed
[1.502s] DEBUG:colcon.colcon_parallel_executor.executor.parallel:run_until_complete finished with '0'
[1.502s] DEBUG:colcon.colcon_core.event_reactor:joining thread
[1.509s] INFO:colcon.colcon_core.plugin_system:Skipping extension 'colcon_notification.desktop_notification.notify_send': Could not find 'notify-send'
[1.510s] INFO:colcon.colcon_core.plugin_system:Skipping extension 'colcon_notification.desktop_notification.terminal_notifier': Not used on non-Darwin systems
[1.510s] INFO:colcon.colcon_core.plugin_system:Skipping extension 'colcon_notification.desktop_notification.win32': Not used on non-Windows systems
[1.510s] INFO:colcon.colcon_notification.desktop_notification:Sending desktop notification using 'notify2'
[1.513s] DEBUG:colcon.colcon_notification.desktop_notification.notify2:Failed to initialize notify2: org.freedesktop.DBus.Error.Spawn.ExecFailed: /usr/bin/dbus-launch terminated abnormally without any error message
[1.513s] DEBUG:colcon.colcon_core.event_reactor:joined thread
[1.513s] INFO:colcon.colcon_core.shell:Creating prefix script '/scott_docker_volume/arduinobot_ws/src/install/local_setup.ps1'
[1.514s] INFO:colcon.colcon_core.shell:Creating prefix util module '/scott_docker_volume/arduinobot_ws/src/install/_local_setup_util_ps1.py'
[1.516s] INFO:colcon.colcon_core.shell:Creating prefix chain script '/scott_docker_volume/arduinobot_ws/src/install/setup.ps1'
[1.516s] INFO:colcon.colcon_core.shell:Creating prefix script '/scott_docker_volume/arduinobot_ws/src/install/local_setup.sh'
[1.517s] INFO:colcon.colcon_core.shell:Creating prefix util module '/scott_docker_volume/arduinobot_ws/src/install/_local_setup_util_sh.py'
[1.517s] INFO:colcon.colcon_core.shell:Creating prefix chain script '/scott_docker_volume/arduinobot_ws/src/install/setup.sh'
[1.518s] INFO:colcon.colcon_core.shell:Creating prefix script '/scott_docker_volume/arduinobot_ws/src/install/local_setup.bash'
[1.519s] INFO:colcon.colcon_core.shell:Creating prefix chain script '/scott_docker_volume/arduinobot_ws/src/install/setup.bash'
[1.520s] INFO:colcon.colcon_core.shell:Creating prefix script '/scott_docker_volume/arduinobot_ws/src/install/local_setup.zsh'
[1.520s] INFO:colcon.colcon_core.shell:Creating prefix chain script '/scott_docker_volume/arduinobot_ws/src/install/setup.zsh'
