[0.076s] DEBUG:colcon:Command line arguments: ['/usr/bin/colcon', 'build', '--symlink-install']
[0.076s] DEBUG:colcon:Parsed command line arguments: Namespace(log_base=None, log_level=None, verb_name='build', build_base='build', install_base='install', merge_install=False, symlink_install=True, test_result_base=None, continue_on_error=False, executor='parallel', parallel_workers=24, event_handlers=None, ignore_user_meta=False, metas=['./colcon.meta'], base_paths=['.'], packages_ignore=None, packages_ignore_regex=None, paths=None, packages_up_to=None, packages_up_to_regex=None, packages_above=None, packages_above_and_dependencies=None, packages_above_depth=None, packages_select_by_dep=None, packages_skip_by_dep=None, packages_skip_up_to=None, packages_select_build_failed=False, packages_skip_build_finished=False, packages_select_test_failures=False, packages_skip_test_passed=False, packages_select=None, packages_skip=None, packages_select_regex=None, packages_skip_regex=None, packages_start=None, packages_end=None, allow_overriding=[], cmake_args=None, cmake_target=None, cmake_target_skip_unavailable=False, cmake_clean_cache=False, cmake_clean_first=False, cmake_force_configure=False, ament_cmake_args=None, catkin_cmake_args=None, catkin_skip_building_tests=False, mixin_files=None, mixin=None, verb_parser=<colcon_mixin.mixin.mixin_argument.MixinArgumentDecorator object at 0x7f165349b860>, verb_extension=<colcon_core.verb.build.BuildVerb object at 0x7f16536025d0>, main=<bound method BuildVerb.main of <colcon_core.verb.build.BuildVerb object at 0x7f16536025d0>>, mixin_verb=('build',))
[0.109s] Level 1:colcon.colcon_core.package_discovery:discover_packages(colcon_meta) check parameters
[0.109s] Level 1:colcon.colcon_core.package_discovery:discover_packages(recursive) check parameters
[0.109s] Level 1:colcon.colcon_core.package_discovery:discover_packages(ignore) check parameters
[0.109s] Level 1:colcon.colcon_core.package_discovery:discover_packages(path) check parameters
[0.109s] Level 1:colcon.colcon_core.package_discovery:discover_packages(colcon_meta) discover
[0.109s] Level 1:colcon.colcon_core.package_discovery:discover_packages(recursive) discover
[0.109s] INFO:colcon.colcon_core.package_discovery:Crawling recursively for packages in '/workspaces/scott_udemy_ros2/scott_docker_volume/arduinobot_ws'
[0.109s] Level 1:colcon.colcon_core.package_identification:_identify(.) by extensions ['ignore', 'ignore_ament_install']
[0.109s] Level 1:colcon.colcon_core.package_identification:_identify(.) by extension 'ignore'
[0.109s] Level 1:colcon.colcon_core.package_identification:_identify(.) by extension 'ignore_ament_install'
[0.109s] Level 1:colcon.colcon_core.package_identification:_identify(.) by extensions ['colcon_pkg']
[0.109s] Level 1:colcon.colcon_core.package_identification:_identify(.) by extension 'colcon_pkg'
[0.109s] Level 1:colcon.colcon_core.package_identification:_identify(.) by extensions ['colcon_meta']
[0.109s] Level 1:colcon.colcon_core.package_identification:_identify(.) by extension 'colcon_meta'
[0.109s] Level 1:colcon.colcon_core.package_identification:_identify(.) by extensions ['ros']
[0.109s] Level 1:colcon.colcon_core.package_identification:_identify(.) by extension 'ros'
[0.127s] Level 1:colcon.colcon_core.package_identification:_identify(.) by extensions ['cmake', 'python']
[0.127s] Level 1:colcon.colcon_core.package_identification:_identify(.) by extension 'cmake'
[0.127s] Level 1:colcon.colcon_core.package_identification:_identify(.) by extension 'python'
[0.128s] Level 1:colcon.colcon_core.package_identification:_identify(.) by extensions ['python_setup_py']
[0.128s] Level 1:colcon.colcon_core.package_identification:_identify(.) by extension 'python_setup_py'
[0.128s] Level 1:colcon.colcon_core.package_identification:_identify(build) by extensions ['ignore', 'ignore_ament_install']
[0.128s] Level 1:colcon.colcon_core.package_identification:_identify(build) by extension 'ignore'
[0.128s] Level 1:colcon.colcon_core.package_identification:_identify(build) ignored
[0.128s] Level 1:colcon.colcon_core.package_identification:_identify(install) by extensions ['ignore', 'ignore_ament_install']
[0.128s] Level 1:colcon.colcon_core.package_identification:_identify(install) by extension 'ignore'
[0.128s] Level 1:colcon.colcon_core.package_identification:_identify(install) ignored
[0.128s] Level 1:colcon.colcon_core.package_identification:_identify(log) by extensions ['ignore', 'ignore_ament_install']
[0.128s] Level 1:colcon.colcon_core.package_identification:_identify(log) by extension 'ignore'
[0.128s] Level 1:colcon.colcon_core.package_identification:_identify(log) ignored
[0.128s] Level 1:colcon.colcon_core.package_identification:_identify(src) by extensions ['ignore', 'ignore_ament_install']
[0.128s] Level 1:colcon.colcon_core.package_identification:_identify(src) by extension 'ignore'
[0.128s] Level 1:colcon.colcon_core.package_identification:_identify(src) by extension 'ignore_ament_install'
[0.128s] Level 1:colcon.colcon_core.package_identification:_identify(src) by extensions ['colcon_pkg']
[0.128s] Level 1:colcon.colcon_core.package_identification:_identify(src) by extension 'colcon_pkg'
[0.128s] Level 1:colcon.colcon_core.package_identification:_identify(src) by extensions ['colcon_meta']
[0.128s] Level 1:colcon.colcon_core.package_identification:_identify(src) by extension 'colcon_meta'
[0.128s] Level 1:colcon.colcon_core.package_identification:_identify(src) by extensions ['ros']
[0.128s] Level 1:colcon.colcon_core.package_identification:_identify(src) by extension 'ros'
[0.128s] Level 1:colcon.colcon_core.package_identification:_identify(src) by extensions ['cmake', 'python']
[0.128s] Level 1:colcon.colcon_core.package_identification:_identify(src) by extension 'cmake'
[0.128s] Level 1:colcon.colcon_core.package_identification:_identify(src) by extension 'python'
[0.128s] Level 1:colcon.colcon_core.package_identification:_identify(src) by extensions ['python_setup_py']
[0.128s] Level 1:colcon.colcon_core.package_identification:_identify(src) by extension 'python_setup_py'
[0.129s] Level 1:colcon.colcon_core.package_identification:_identify(src/arduino_cpp_examples) by extensions ['ignore', 'ignore_ament_install']
[0.129s] Level 1:colcon.colcon_core.package_identification:_identify(src/arduino_cpp_examples) by extension 'ignore'
[0.129s] Level 1:colcon.colcon_core.package_identification:_identify(src/arduino_cpp_examples) by extension 'ignore_ament_install'
[0.129s] Level 1:colcon.colcon_core.package_identification:_identify(src/arduino_cpp_examples) by extensions ['colcon_pkg']
[0.129s] Level 1:colcon.colcon_core.package_identification:_identify(src/arduino_cpp_examples) by extension 'colcon_pkg'
[0.129s] Level 1:colcon.colcon_core.package_identification:_identify(src/arduino_cpp_examples) by extensions ['colcon_meta']
[0.129s] Level 1:colcon.colcon_core.package_identification:_identify(src/arduino_cpp_examples) by extension 'colcon_meta'
[0.129s] Level 1:colcon.colcon_core.package_identification:_identify(src/arduino_cpp_examples) by extensions ['ros']
[0.129s] Level 1:colcon.colcon_core.package_identification:_identify(src/arduino_cpp_examples) by extension 'ros'
[0.130s] DEBUG:colcon.colcon_core.package_identification:Package 'src/arduino_cpp_examples' with type 'ros.ament_cmake' and name 'arduino_cpp_examples'
[0.130s] Level 1:colcon.colcon_core.package_identification:_identify(src/arduino_py_examples) by extensions ['ignore', 'ignore_ament_install']
[0.130s] Level 1:colcon.colcon_core.package_identification:_identify(src/arduino_py_examples) by extension 'ignore'
[0.131s] Level 1:colcon.colcon_core.package_identification:_identify(src/arduino_py_examples) by extension 'ignore_ament_install'
[0.131s] Level 1:colcon.colcon_core.package_identification:_identify(src/arduino_py_examples) by extensions ['colcon_pkg']
[0.131s] Level 1:colcon.colcon_core.package_identification:_identify(src/arduino_py_examples) by extension 'colcon_pkg'
[0.131s] Level 1:colcon.colcon_core.package_identification:_identify(src/arduino_py_examples) by extensions ['colcon_meta']
[0.131s] Level 1:colcon.colcon_core.package_identification:_identify(src/arduino_py_examples) by extension 'colcon_meta'
[0.131s] Level 1:colcon.colcon_core.package_identification:_identify(src/arduino_py_examples) by extensions ['ros']
[0.131s] Level 1:colcon.colcon_core.package_identification:_identify(src/arduino_py_examples) by extension 'ros'
[0.131s] DEBUG:colcon.colcon_core.package_identification:Package 'src/arduino_py_examples' with type 'ros.ament_python' and name 'arduino_py_examples'
[0.131s] Level 1:colcon.colcon_core.package_identification:_identify(src/build) by extensions ['ignore', 'ignore_ament_install']
[0.131s] Level 1:colcon.colcon_core.package_identification:_identify(src/build) by extension 'ignore'
[0.131s] Level 1:colcon.colcon_core.package_identification:_identify(src/build) ignored
[0.131s] Level 1:colcon.colcon_core.package_identification:_identify(src/install) by extensions ['ignore', 'ignore_ament_install']
[0.131s] Level 1:colcon.colcon_core.package_identification:_identify(src/install) by extension 'ignore'
[0.131s] Level 1:colcon.colcon_core.package_identification:_identify(src/install) ignored
[0.131s] Level 1:colcon.colcon_core.package_identification:_identify(src/log) by extensions ['ignore', 'ignore_ament_install']
[0.131s] Level 1:colcon.colcon_core.package_identification:_identify(src/log) by extension 'ignore'
[0.131s] Level 1:colcon.colcon_core.package_identification:_identify(src/log) ignored
[0.131s] Level 1:colcon.colcon_core.package_discovery:discover_packages(recursive) using defaults
[0.131s] Level 1:colcon.colcon_core.package_discovery:discover_packages(ignore) discover
[0.131s] Level 1:colcon.colcon_core.package_discovery:discover_packages(ignore) using defaults
[0.131s] Level 1:colcon.colcon_core.package_discovery:discover_packages(path) discover
[0.131s] Level 1:colcon.colcon_core.package_discovery:discover_packages(path) using defaults
[0.144s] Level 1:colcon.colcon_core.package_discovery:discover_packages(prefix_path) check parameters
[0.144s] Level 1:colcon.colcon_core.package_discovery:discover_packages(prefix_path) discover
[0.145s] DEBUG:colcon.colcon_installed_package_information.package_discovery:Found 2 installed packages in /workspaces/scott_udemy_ros2/install
[0.147s] DEBUG:colcon.colcon_installed_package_information.package_discovery:Found 423 installed packages in /opt/ros/jazzy
[0.148s] Level 1:colcon.colcon_core.package_discovery:discover_packages(prefix_path) using defaults
[0.191s] Level 5:colcon.colcon_core.verb:set package 'arduino_cpp_examples' build argument 'cmake_args' from command line to 'None'
[0.191s] Level 5:colcon.colcon_core.verb:set package 'arduino_cpp_examples' build argument 'cmake_target' from command line to 'None'
[0.191s] Level 5:colcon.colcon_core.verb:set package 'arduino_cpp_examples' build argument 'cmake_target_skip_unavailable' from command line to 'False'
[0.191s] Level 5:colcon.colcon_core.verb:set package 'arduino_cpp_examples' build argument 'cmake_clean_cache' from command line to 'False'
[0.191s] Level 5:colcon.colcon_core.verb:set package 'arduino_cpp_examples' build argument 'cmake_clean_first' from command line to 'False'
[0.191s] Level 5:colcon.colcon_core.verb:set package 'arduino_cpp_examples' build argument 'cmake_force_configure' from command line to 'False'
[0.191s] Level 5:colcon.colcon_core.verb:set package 'arduino_cpp_examples' build argument 'ament_cmake_args' from command line to 'None'
[0.191s] Level 5:colcon.colcon_core.verb:set package 'arduino_cpp_examples' build argument 'catkin_cmake_args' from command line to 'None'
[0.191s] Level 5:colcon.colcon_core.verb:set package 'arduino_cpp_examples' build argument 'catkin_skip_building_tests' from command line to 'False'
[0.191s] DEBUG:colcon.colcon_core.verb:Building package 'arduino_cpp_examples' with the following arguments: {'ament_cmake_args': None, 'build_base': '/workspaces/scott_udemy_ros2/scott_docker_volume/arduinobot_ws/build/arduino_cpp_examples', 'catkin_cmake_args': None, 'catkin_skip_building_tests': False, 'cmake_args': None, 'cmake_clean_cache': False, 'cmake_clean_first': False, 'cmake_force_configure': False, 'cmake_target': None, 'cmake_target_skip_unavailable': False, 'install_base': '/workspaces/scott_udemy_ros2/scott_docker_volume/arduinobot_ws/install/arduino_cpp_examples', 'merge_install': False, 'path': '/workspaces/scott_udemy_ros2/scott_docker_volume/arduinobot_ws/src/arduino_cpp_examples', 'symlink_install': True, 'test_result_base': None}
[0.191s] Level 5:colcon.colcon_core.verb:set package 'arduino_py_examples' build argument 'cmake_args' from command line to 'None'
[0.191s] Level 5:colcon.colcon_core.verb:set package 'arduino_py_examples' build argument 'cmake_target' from command line to 'None'
[0.191s] Level 5:colcon.colcon_core.verb:set package 'arduino_py_examples' build argument 'cmake_target_skip_unavailable' from command line to 'False'
[0.191s] Level 5:colcon.colcon_core.verb:set package 'arduino_py_examples' build argument 'cmake_clean_cache' from command line to 'False'
[0.191s] Level 5:colcon.colcon_core.verb:set package 'arduino_py_examples' build argument 'cmake_clean_first' from command line to 'False'
[0.191s] Level 5:colcon.colcon_core.verb:set package 'arduino_py_examples' build argument 'cmake_force_configure' from command line to 'False'
[0.191s] Level 5:colcon.colcon_core.verb:set package 'arduino_py_examples' build argument 'ament_cmake_args' from command line to 'None'
[0.191s] Level 5:colcon.colcon_core.verb:set package 'arduino_py_examples' build argument 'catkin_cmake_args' from command line to 'None'
[0.191s] Level 5:colcon.colcon_core.verb:set package 'arduino_py_examples' build argument 'catkin_skip_building_tests' from command line to 'False'
[0.191s] DEBUG:colcon.colcon_core.verb:Building package 'arduino_py_examples' with the following arguments: {'ament_cmake_args': None, 'build_base': '/workspaces/scott_udemy_ros2/scott_docker_volume/arduinobot_ws/build/arduino_py_examples', 'catkin_cmake_args': None, 'catkin_skip_building_tests': False, 'cmake_args': None, 'cmake_clean_cache': False, 'cmake_clean_first': False, 'cmake_force_configure': False, 'cmake_target': None, 'cmake_target_skip_unavailable': False, 'install_base': '/workspaces/scott_udemy_ros2/scott_docker_volume/arduinobot_ws/install/arduino_py_examples', 'merge_install': False, 'path': '/workspaces/scott_udemy_ros2/scott_docker_volume/arduinobot_ws/src/arduino_py_examples', 'symlink_install': True, 'test_result_base': None}
[0.191s] INFO:colcon.colcon_core.executor:Executing jobs using 'parallel' executor
[0.192s] DEBUG:colcon.colcon_parallel_executor.executor.parallel:run_until_complete
[0.192s] INFO:colcon.colcon_ros.task.ament_cmake.build:Building ROS package in '/workspaces/scott_udemy_ros2/scott_docker_volume/arduinobot_ws/src/arduino_cpp_examples' with build type 'ament_cmake'
[0.192s] INFO:colcon.colcon_cmake.task.cmake.build:Building CMake package in '/workspaces/scott_udemy_ros2/scott_docker_volume/arduinobot_ws/src/arduino_cpp_examples'
[0.194s] INFO:colcon.colcon_core.plugin_system:Skipping extension 'colcon_core.shell.bat': Not used on non-Windows systems
[0.194s] INFO:colcon.colcon_core.shell:Skip shell extension 'powershell' for command environment: Not usable outside of PowerShell
[0.194s] DEBUG:colcon.colcon_core.shell:Skip shell extension 'dsv' for command environment
[0.197s] INFO:colcon.colcon_ros.task.ament_python.build:Building ROS package in '/workspaces/scott_udemy_ros2/scott_docker_volume/arduinobot_ws/src/arduino_py_examples' with build type 'ament_python'
[0.197s] Level 1:colcon.colcon_core.shell:create_environment_hook('arduino_py_examples', 'ament_prefix_path')
[0.197s] INFO:colcon.colcon_core.shell:Creating environment hook '/workspaces/scott_udemy_ros2/scott_docker_volume/arduinobot_ws/install/arduino_py_examples/share/arduino_py_examples/hook/ament_prefix_path.ps1'
[0.197s] INFO:colcon.colcon_core.shell:Creating environment descriptor '/workspaces/scott_udemy_ros2/scott_docker_volume/arduinobot_ws/install/arduino_py_examples/share/arduino_py_examples/hook/ament_prefix_path.dsv'
[0.198s] INFO:colcon.colcon_core.shell:Creating environment hook '/workspaces/scott_udemy_ros2/scott_docker_volume/arduinobot_ws/install/arduino_py_examples/share/arduino_py_examples/hook/ament_prefix_path.sh'
[0.198s] INFO:colcon.colcon_core.shell:Skip shell extension 'powershell' for command environment: Not usable outside of PowerShell
[0.198s] DEBUG:colcon.colcon_core.shell:Skip shell extension 'dsv' for command environment
[0.203s] DEBUG:colcon.colcon_core.event_handler.log_command:Invoking command in '/workspaces/scott_udemy_ros2/scott_docker_volume/arduinobot_ws/build/arduino_cpp_examples': CMAKE_PREFIX_PATH=${CMAKE_PREFIX_PATH}:/workspaces/scott_udemy_ros2/install/arduino_py_examples:/opt/ros/jazzy /usr/bin/cmake /workspaces/scott_udemy_ros2/scott_docker_volume/arduinobot_ws/src/arduino_cpp_examples -DAMENT_CMAKE_SYMLINK_INSTALL=1 -DCMAKE_INSTALL_PREFIX=/workspaces/scott_udemy_ros2/scott_docker_volume/arduinobot_ws/install/arduino_cpp_examples
[0.365s] INFO:colcon.colcon_core.task.python.build:Building Python package in '/workspaces/scott_udemy_ros2/scott_docker_volume/arduinobot_ws/src/arduino_py_examples'
[0.365s] INFO:colcon.colcon_core.shell:Skip shell extension 'powershell' for command environment: Not usable outside of PowerShell
[0.365s] DEBUG:colcon.colcon_core.shell:Skip shell extension 'dsv' for command environment
[0.851s] DEBUG:colcon.colcon_core.event_handler.log_command:Invoking command in '/workspaces/scott_udemy_ros2/scott_docker_volume/arduinobot_ws/build/arduino_py_examples': PYTHONPATH=/workspaces/scott_udemy_ros2/scott_docker_volume/arduinobot_ws/build/arduino_py_examples/prefix_override:/usr/lib/python3/dist-packages/colcon_core/task/python/colcon_distutils_commands:/workspaces/scott_udemy_ros2/scott_docker_volume/arduinobot_ws/install/arduino_py_examples/lib/python3.12/site-packages:${PYTHONPATH} /usr/bin/python3 -W ignore:setup.py install is deprecated setup.py develop --editable --build-directory /workspaces/scott_udemy_ros2/scott_docker_volume/arduinobot_ws/build/arduino_py_examples/build --no-deps symlink_data
[0.946s] DEBUG:colcon.colcon_core.event_handler.log_command:Invoked command in '/workspaces/scott_udemy_ros2/scott_docker_volume/arduinobot_ws/build/arduino_cpp_examples' returned '0': CMAKE_PREFIX_PATH=${CMAKE_PREFIX_PATH}:/workspaces/scott_udemy_ros2/install/arduino_py_examples:/opt/ros/jazzy /usr/bin/cmake /workspaces/scott_udemy_ros2/scott_docker_volume/arduinobot_ws/src/arduino_cpp_examples -DAMENT_CMAKE_SYMLINK_INSTALL=1 -DCMAKE_INSTALL_PREFIX=/workspaces/scott_udemy_ros2/scott_docker_volume/arduinobot_ws/install/arduino_cpp_examples
[0.948s] DEBUG:colcon.colcon_core.event_handler.log_command:Invoking command in '/workspaces/scott_udemy_ros2/scott_docker_volume/arduinobot_ws/build/arduino_cpp_examples': CMAKE_PREFIX_PATH=${CMAKE_PREFIX_PATH}:/workspaces/scott_udemy_ros2/install/arduino_py_examples:/opt/ros/jazzy /usr/bin/cmake --build /workspaces/scott_udemy_ros2/scott_docker_volume/arduinobot_ws/build/arduino_cpp_examples -- -j24 -l24
[0.984s] DEBUG:colcon.colcon_core.event_handler.log_command:Invoked command in '/workspaces/scott_udemy_ros2/scott_docker_volume/arduinobot_ws/build/arduino_cpp_examples' returned '0': CMAKE_PREFIX_PATH=${CMAKE_PREFIX_PATH}:/workspaces/scott_udemy_ros2/install/arduino_py_examples:/opt/ros/jazzy /usr/bin/cmake --build /workspaces/scott_udemy_ros2/scott_docker_volume/arduinobot_ws/build/arduino_cpp_examples -- -j24 -l24
[1.015s] DEBUG:colcon.colcon_core.event_handler.log_command:Invoking command in '/workspaces/scott_udemy_ros2/scott_docker_volume/arduinobot_ws/build/arduino_cpp_examples': CMAKE_PREFIX_PATH=${CMAKE_PREFIX_PATH}:/workspaces/scott_udemy_ros2/install/arduino_py_examples:/opt/ros/jazzy /usr/bin/cmake --install /workspaces/scott_udemy_ros2/scott_docker_volume/arduinobot_ws/build/arduino_cpp_examples
[1.145s] Level 1:colcon.colcon_core.environment:create_environment_scripts_only(arduino_cpp_examples)
[1.145s] DEBUG:colcon.colcon_core.event_handler.log_command:Invoked command in '/workspaces/scott_udemy_ros2/scott_docker_volume/arduinobot_ws/build/arduino_cpp_examples' returned '0': CMAKE_PREFIX_PATH=${CMAKE_PREFIX_PATH}:/workspaces/scott_udemy_ros2/install/arduino_py_examples:/opt/ros/jazzy /usr/bin/cmake --install /workspaces/scott_udemy_ros2/scott_docker_volume/arduinobot_ws/build/arduino_cpp_examples
[1.148s] Level 1:colcon.colcon_core.environment:checking '/workspaces/scott_udemy_ros2/scott_docker_volume/arduinobot_ws/install/arduino_cpp_examples' for CMake module files
[1.148s] Level 1:colcon.colcon_core.environment:checking '/workspaces/scott_udemy_ros2/scott_docker_volume/arduinobot_ws/install/arduino_cpp_examples' for CMake config files
[1.149s] Level 1:colcon.colcon_core.shell:create_environment_hook('arduino_cpp_examples', 'cmake_prefix_path')
[1.149s] INFO:colcon.colcon_core.shell:Creating environment hook '/workspaces/scott_udemy_ros2/scott_docker_volume/arduinobot_ws/install/arduino_cpp_examples/share/arduino_cpp_examples/hook/cmake_prefix_path.ps1'
[1.150s] INFO:colcon.colcon_core.shell:Creating environment descriptor '/workspaces/scott_udemy_ros2/scott_docker_volume/arduinobot_ws/install/arduino_cpp_examples/share/arduino_cpp_examples/hook/cmake_prefix_path.dsv'
[1.150s] INFO:colcon.colcon_core.shell:Creating environment hook '/workspaces/scott_udemy_ros2/scott_docker_volume/arduinobot_ws/install/arduino_cpp_examples/share/arduino_cpp_examples/hook/cmake_prefix_path.sh'
[1.151s] Level 1:colcon.colcon_core.environment:checking '/workspaces/scott_udemy_ros2/scott_docker_volume/arduinobot_ws/install/arduino_cpp_examples/bin'
[1.151s] Level 1:colcon.colcon_core.environment:checking '/workspaces/scott_udemy_ros2/scott_docker_volume/arduinobot_ws/install/arduino_cpp_examples/lib/pkgconfig/arduino_cpp_examples.pc'
[1.151s] Level 1:colcon.colcon_core.environment:checking '/workspaces/scott_udemy_ros2/scott_docker_volume/arduinobot_ws/install/arduino_cpp_examples/lib/python3.12/site-packages'
[1.152s] Level 1:colcon.colcon_core.environment:checking '/workspaces/scott_udemy_ros2/scott_docker_volume/arduinobot_ws/install/arduino_cpp_examples/bin'
[1.152s] INFO:colcon.colcon_core.shell:Creating package script '/workspaces/scott_udemy_ros2/scott_docker_volume/arduinobot_ws/install/arduino_cpp_examples/share/arduino_cpp_examples/package.ps1'
[1.153s] INFO:colcon.colcon_core.shell:Creating package descriptor '/workspaces/scott_udemy_ros2/scott_docker_volume/arduinobot_ws/install/arduino_cpp_examples/share/arduino_cpp_examples/package.dsv'
[1.154s] INFO:colcon.colcon_core.shell:Creating package script '/workspaces/scott_udemy_ros2/scott_docker_volume/arduinobot_ws/install/arduino_cpp_examples/share/arduino_cpp_examples/package.sh'
[1.154s] INFO:colcon.colcon_core.shell:Creating package script '/workspaces/scott_udemy_ros2/scott_docker_volume/arduinobot_ws/install/arduino_cpp_examples/share/arduino_cpp_examples/package.bash'
[1.155s] INFO:colcon.colcon_core.shell:Creating package script '/workspaces/scott_udemy_ros2/scott_docker_volume/arduinobot_ws/install/arduino_cpp_examples/share/arduino_cpp_examples/package.zsh'
[1.155s] Level 1:colcon.colcon_core.environment:create_file_with_runtime_dependencies(/workspaces/scott_udemy_ros2/scott_docker_volume/arduinobot_ws/install/arduino_cpp_examples/share/colcon-core/packages/arduino_cpp_examples)
[1.175s] Level 1:colcon.colcon_core.environment:create_environment_scripts_only(arduino_cpp_examples)
[1.175s] Level 1:colcon.colcon_core.environment:checking '/workspaces/scott_udemy_ros2/scott_docker_volume/arduinobot_ws/install/arduino_cpp_examples' for CMake module files
[1.176s] Level 1:colcon.colcon_core.environment:checking '/workspaces/scott_udemy_ros2/scott_docker_volume/arduinobot_ws/install/arduino_cpp_examples' for CMake config files
[1.176s] Level 1:colcon.colcon_core.shell:create_environment_hook('arduino_cpp_examples', 'cmake_prefix_path')
[1.177s] INFO:colcon.colcon_core.shell:Creating environment hook '/workspaces/scott_udemy_ros2/scott_docker_volume/arduinobot_ws/install/arduino_cpp_examples/share/arduino_cpp_examples/hook/cmake_prefix_path.ps1'
[1.177s] INFO:colcon.colcon_core.shell:Creating environment descriptor '/workspaces/scott_udemy_ros2/scott_docker_volume/arduinobot_ws/install/arduino_cpp_examples/share/arduino_cpp_examples/hook/cmake_prefix_path.dsv'
[1.178s] INFO:colcon.colcon_core.shell:Creating environment hook '/workspaces/scott_udemy_ros2/scott_docker_volume/arduinobot_ws/install/arduino_cpp_examples/share/arduino_cpp_examples/hook/cmake_prefix_path.sh'
[1.178s] Level 1:colcon.colcon_core.environment:checking '/workspaces/scott_udemy_ros2/scott_docker_volume/arduinobot_ws/install/arduino_cpp_examples/bin'
[1.178s] Level 1:colcon.colcon_core.environment:checking '/workspaces/scott_udemy_ros2/scott_docker_volume/arduinobot_ws/install/arduino_cpp_examples/lib/pkgconfig/arduino_cpp_examples.pc'
[1.179s] Level 1:colcon.colcon_core.environment:checking '/workspaces/scott_udemy_ros2/scott_docker_volume/arduinobot_ws/install/arduino_cpp_examples/lib/python3.12/site-packages'
[1.179s] Level 1:colcon.colcon_core.environment:checking '/workspaces/scott_udemy_ros2/scott_docker_volume/arduinobot_ws/install/arduino_cpp_examples/bin'
[1.179s] INFO:colcon.colcon_core.shell:Creating package script '/workspaces/scott_udemy_ros2/scott_docker_volume/arduinobot_ws/install/arduino_cpp_examples/share/arduino_cpp_examples/package.ps1'
[1.180s] INFO:colcon.colcon_core.shell:Creating package descriptor '/workspaces/scott_udemy_ros2/scott_docker_volume/arduinobot_ws/install/arduino_cpp_examples/share/arduino_cpp_examples/package.dsv'
[1.181s] INFO:colcon.colcon_core.shell:Creating package script '/workspaces/scott_udemy_ros2/scott_docker_volume/arduinobot_ws/install/arduino_cpp_examples/share/arduino_cpp_examples/package.sh'
[1.181s] INFO:colcon.colcon_core.shell:Creating package script '/workspaces/scott_udemy_ros2/scott_docker_volume/arduinobot_ws/install/arduino_cpp_examples/share/arduino_cpp_examples/package.bash'
[1.182s] INFO:colcon.colcon_core.shell:Creating package script '/workspaces/scott_udemy_ros2/scott_docker_volume/arduinobot_ws/install/arduino_cpp_examples/share/arduino_cpp_examples/package.zsh'
[1.182s] Level 1:colcon.colcon_core.environment:create_file_with_runtime_dependencies(/workspaces/scott_udemy_ros2/scott_docker_volume/arduinobot_ws/install/arduino_cpp_examples/share/colcon-core/packages/arduino_cpp_examples)
[1.374s] Level 1:colcon.colcon_core.shell:create_environment_hook('arduino_py_examples', 'pythonpath_develop')
[1.375s] INFO:colcon.colcon_core.shell:Creating environment hook '/workspaces/scott_udemy_ros2/scott_docker_volume/arduinobot_ws/build/arduino_py_examples/share/arduino_py_examples/hook/pythonpath_develop.ps1'
[1.375s] DEBUG:colcon.colcon_core.event_handler.log_command:Invoked command in '/workspaces/scott_udemy_ros2/scott_docker_volume/arduinobot_ws/build/arduino_py_examples' returned '0': PYTHONPATH=/workspaces/scott_udemy_ros2/scott_docker_volume/arduinobot_ws/build/arduino_py_examples/prefix_override:/usr/lib/python3/dist-packages/colcon_core/task/python/colcon_distutils_commands:/workspaces/scott_udemy_ros2/scott_docker_volume/arduinobot_ws/install/arduino_py_examples/lib/python3.12/site-packages:${PYTHONPATH} /usr/bin/python3 -W ignore:setup.py install is deprecated setup.py develop --editable --build-directory /workspaces/scott_udemy_ros2/scott_docker_volume/arduinobot_ws/build/arduino_py_examples/build --no-deps symlink_data
[1.376s] INFO:colcon.colcon_core.shell:Creating environment descriptor '/workspaces/scott_udemy_ros2/scott_docker_volume/arduinobot_ws/build/arduino_py_examples/share/arduino_py_examples/hook/pythonpath_develop.dsv'
[1.376s] INFO:colcon.colcon_core.shell:Creating environment hook '/workspaces/scott_udemy_ros2/scott_docker_volume/arduinobot_ws/build/arduino_py_examples/share/arduino_py_examples/hook/pythonpath_develop.sh'
[1.377s] Level 1:colcon.colcon_core.environment:checking '/workspaces/scott_udemy_ros2/scott_docker_volume/arduinobot_ws/install/arduino_py_examples' for CMake module files
[1.377s] Level 1:colcon.colcon_core.environment:checking '/workspaces/scott_udemy_ros2/scott_docker_volume/arduinobot_ws/install/arduino_py_examples' for CMake config files
[1.378s] Level 1:colcon.colcon_core.environment:checking '/workspaces/scott_udemy_ros2/scott_docker_volume/arduinobot_ws/install/arduino_py_examples/lib'
[1.378s] Level 1:colcon.colcon_core.environment:checking '/workspaces/scott_udemy_ros2/scott_docker_volume/arduinobot_ws/install/arduino_py_examples/bin'
[1.378s] Level 1:colcon.colcon_core.environment:checking '/workspaces/scott_udemy_ros2/scott_docker_volume/arduinobot_ws/install/arduino_py_examples/lib/pkgconfig/arduino_py_examples.pc'
[1.379s] Level 1:colcon.colcon_core.environment:checking '/workspaces/scott_udemy_ros2/scott_docker_volume/arduinobot_ws/install/arduino_py_examples/lib/python3.12/site-packages'
[1.379s] Level 1:colcon.colcon_core.shell:create_environment_hook('arduino_py_examples', 'pythonpath')
[1.379s] INFO:colcon.colcon_core.shell:Creating environment hook '/workspaces/scott_udemy_ros2/scott_docker_volume/arduinobot_ws/install/arduino_py_examples/share/arduino_py_examples/hook/pythonpath.ps1'
[1.379s] INFO:colcon.colcon_core.shell:Creating environment descriptor '/workspaces/scott_udemy_ros2/scott_docker_volume/arduinobot_ws/install/arduino_py_examples/share/arduino_py_examples/hook/pythonpath.dsv'
[1.380s] INFO:colcon.colcon_core.shell:Creating environment hook '/workspaces/scott_udemy_ros2/scott_docker_volume/arduinobot_ws/install/arduino_py_examples/share/arduino_py_examples/hook/pythonpath.sh'
[1.381s] Level 1:colcon.colcon_core.environment:checking '/workspaces/scott_udemy_ros2/scott_docker_volume/arduinobot_ws/install/arduino_py_examples/bin'
[1.381s] Level 1:colcon.colcon_core.environment:create_environment_scripts_only(arduino_py_examples)
[1.381s] INFO:colcon.colcon_core.shell:Creating package script '/workspaces/scott_udemy_ros2/scott_docker_volume/arduinobot_ws/install/arduino_py_examples/share/arduino_py_examples/package.ps1'
[1.382s] INFO:colcon.colcon_core.shell:Creating package descriptor '/workspaces/scott_udemy_ros2/scott_docker_volume/arduinobot_ws/install/arduino_py_examples/share/arduino_py_examples/package.dsv'
[1.382s] INFO:colcon.colcon_core.shell:Creating package script '/workspaces/scott_udemy_ros2/scott_docker_volume/arduinobot_ws/install/arduino_py_examples/share/arduino_py_examples/package.sh'
[1.383s] INFO:colcon.colcon_core.shell:Creating package script '/workspaces/scott_udemy_ros2/scott_docker_volume/arduinobot_ws/install/arduino_py_examples/share/arduino_py_examples/package.bash'
[1.383s] INFO:colcon.colcon_core.shell:Creating package script '/workspaces/scott_udemy_ros2/scott_docker_volume/arduinobot_ws/install/arduino_py_examples/share/arduino_py_examples/package.zsh'
[1.384s] Level 1:colcon.colcon_core.environment:create_file_with_runtime_dependencies(/workspaces/scott_udemy_ros2/scott_docker_volume/arduinobot_ws/install/arduino_py_examples/share/colcon-core/packages/arduino_py_examples)
[1.384s] DEBUG:colcon.colcon_parallel_executor.executor.parallel:closing loop
[1.385s] DEBUG:colcon.colcon_parallel_executor.executor.parallel:loop closed
[1.385s] DEBUG:colcon.colcon_parallel_executor.executor.parallel:run_until_complete finished with '0'
[1.385s] DEBUG:colcon.colcon_core.event_reactor:joining thread
[1.391s] INFO:colcon.colcon_core.plugin_system:Skipping extension 'colcon_notification.desktop_notification.notify_send': Could not find 'notify-send'
[1.391s] INFO:colcon.colcon_core.plugin_system:Skipping extension 'colcon_notification.desktop_notification.terminal_notifier': Not used on non-Darwin systems
[1.391s] INFO:colcon.colcon_core.plugin_system:Skipping extension 'colcon_notification.desktop_notification.win32': Not used on non-Windows systems
[1.391s] INFO:colcon.colcon_notification.desktop_notification:Sending desktop notification using 'notify2'
[1.393s] DEBUG:colcon.colcon_notification.desktop_notification.notify2:Failed to initialize notify2: org.freedesktop.DBus.Error.Spawn.ExecFailed: /usr/bin/dbus-launch terminated abnormally without any error message
[1.394s] DEBUG:colcon.colcon_core.event_reactor:joined thread
[1.394s] INFO:colcon.colcon_core.shell:Creating prefix script '/workspaces/scott_udemy_ros2/scott_docker_volume/arduinobot_ws/install/local_setup.ps1'
[1.395s] INFO:colcon.colcon_core.shell:Creating prefix util module '/workspaces/scott_udemy_ros2/scott_docker_volume/arduinobot_ws/install/_local_setup_util_ps1.py'
[1.396s] INFO:colcon.colcon_core.shell:Creating prefix chain script '/workspaces/scott_udemy_ros2/scott_docker_volume/arduinobot_ws/install/setup.ps1'
[1.397s] INFO:colcon.colcon_core.shell:Creating prefix script '/workspaces/scott_udemy_ros2/scott_docker_volume/arduinobot_ws/install/local_setup.sh'
[1.398s] INFO:colcon.colcon_core.shell:Creating prefix util module '/workspaces/scott_udemy_ros2/scott_docker_volume/arduinobot_ws/install/_local_setup_util_sh.py'
[1.398s] INFO:colcon.colcon_core.shell:Creating prefix chain script '/workspaces/scott_udemy_ros2/scott_docker_volume/arduinobot_ws/install/setup.sh'
[1.399s] INFO:colcon.colcon_core.shell:Creating prefix script '/workspaces/scott_udemy_ros2/scott_docker_volume/arduinobot_ws/install/local_setup.bash'
[1.400s] INFO:colcon.colcon_core.shell:Creating prefix chain script '/workspaces/scott_udemy_ros2/scott_docker_volume/arduinobot_ws/install/setup.bash'
[1.400s] INFO:colcon.colcon_core.shell:Creating prefix script '/workspaces/scott_udemy_ros2/scott_docker_volume/arduinobot_ws/install/local_setup.zsh'
[1.401s] INFO:colcon.colcon_core.shell:Creating prefix chain script '/workspaces/scott_udemy_ros2/scott_docker_volume/arduinobot_ws/install/setup.zsh'
