[0.704s] Invoking command in '/scott_docker_volume/arduinobot_ws/src/build/arduino_py_examples': PYTHONPATH=/scott_docker_volume/arduinobot_ws/src/build/arduino_py_examples/prefix_override:/usr/lib/python3/dist-packages/colcon_core/task/python/colcon_distutils_commands:/scott_docker_volume/arduinobot_ws/src/install/arduino_py_examples/lib/python3.12/site-packages:${PYTHONPATH} /usr/bin/python3 -W ignore:setup.py install is deprecated setup.py develop --editable --build-directory /scott_docker_volume/arduinobot_ws/src/build/arduino_py_examples/build --no-deps symlink_data
[0.994s] running develop
[0.994s] /usr/lib/python3/dist-packages/setuptools/command/develop.py:40: EasyInstallDeprecationWarning: easy_install command is deprecated.
[0.994s] !!
[0.994s] 
[0.994s]         ********************************************************************************
[0.994s]         Please avoid running ``setup.py`` and ``easy_install``.
[0.995s]         Instead, use pypa/build, pypa/installer or other
[0.995s]         standards-based tools.
[0.995s] 
[0.995s]         See https://github.com/pypa/setuptools/issues/917 for details.
[0.995s]         ********************************************************************************
[0.995s] 
[0.995s] !!
[0.995s]   easy_install.initialize_options(self)
[1.190s] running egg_info
[1.190s] creating arduino_py_examples.egg-info
[1.208s] writing arduino_py_examples.egg-info/PKG-INFO
[1.208s] writing dependency_links to arduino_py_examples.egg-info/dependency_links.txt
[1.209s] writing requirements to arduino_py_examples.egg-info/requires.txt
[1.209s] writing top-level names to arduino_py_examples.egg-info/top_level.txt
[1.209s] writing manifest file 'arduino_py_examples.egg-info/SOURCES.txt'
[1.247s] reading manifest file 'arduino_py_examples.egg-info/SOURCES.txt'
[1.247s] writing manifest file 'arduino_py_examples.egg-info/SOURCES.txt'
[1.266s] running build_ext
[1.267s] Creating /scott_docker_volume/arduinobot_ws/src/install/arduino_py_examples/lib/python3.12/site-packages/arduino-py-examples.egg-link (link to .)
[1.267s] 
[1.267s] Installed /scott_docker_volume/arduinobot_ws/src/build/arduino_py_examples
[1.267s] running symlink_data
[1.267s] creating /scott_docker_volume/arduinobot_ws/src/install/arduino_py_examples/share/ament_index
[1.267s] creating /scott_docker_volume/arduinobot_ws/src/install/arduino_py_examples/share/ament_index/resource_index
[1.267s] creating /scott_docker_volume/arduinobot_ws/src/install/arduino_py_examples/share/ament_index/resource_index/packages
[1.268s] symbolically linking /scott_docker_volume/arduinobot_ws/src/build/arduino_py_examples/resource/arduino_py_examples -> /scott_docker_volume/arduinobot_ws/src/install/arduino_py_examples/share/ament_index/resource_index/packages
[1.268s] symbolically linking /scott_docker_volume/arduinobot_ws/src/build/arduino_py_examples/package.xml -> /scott_docker_volume/arduinobot_ws/src/install/arduino_py_examples/share/arduino_py_examples
[1.290s] Invoked command in '/scott_docker_volume/arduinobot_ws/src/build/arduino_py_examples' returned '0': PYTHONPATH=/scott_docker_volume/arduinobot_ws/src/build/arduino_py_examples/prefix_override:/usr/lib/python3/dist-packages/colcon_core/task/python/colcon_distutils_commands:/scott_docker_volume/arduinobot_ws/src/install/arduino_py_examples/lib/python3.12/site-packages:${PYTHONPATH} /usr/bin/python3 -W ignore:setup.py install is deprecated setup.py develop --editable --build-directory /scott_docker_volume/arduinobot_ws/src/build/arduino_py_examples/build --no-deps symlink_data
