running develop
/usr/lib/python3/dist-packages/setuptools/command/develop.py:40: EasyInstallDeprecationWarning: easy_install command is deprecated.
!!

        ********************************************************************************
        Please avoid running ``setup.py`` and ``easy_install``.
        Instead, use pypa/build, pypa/installer or other
        standards-based tools.

        See https://github.com/pypa/setuptools/issues/917 for details.
        ********************************************************************************

!!
  easy_install.initialize_options(self)
running egg_info
creating arduino_py_examples.egg-info
writing arduino_py_examples.egg-info/PKG-INFO
writing dependency_links to arduino_py_examples.egg-info/dependency_links.txt
writing entry points to arduino_py_examples.egg-info/entry_points.txt
writing requirements to arduino_py_examples.egg-info/requires.txt
writing top-level names to arduino_py_examples.egg-info/top_level.txt
writing manifest file 'arduino_py_examples.egg-info/SOURCES.txt'
reading manifest file 'arduino_py_examples.egg-info/SOURCES.txt'
writing manifest file 'arduino_py_examples.egg-info/SOURCES.txt'
running build_ext
Creating /workspaces/scott_udemy_ros2/scott_docker_volume/arduinobot_ws/install/arduino_py_examples/lib/python3.12/site-packages/arduino-py-examples.egg-link (link to .)
Installing simple_publisher script to /workspaces/scott_udemy_ros2/scott_docker_volume/arduinobot_ws/install/arduino_py_examples/lib/arduino_py_examples
Installing simple_subscriber script to /workspaces/scott_udemy_ros2/scott_docker_volume/arduinobot_ws/install/arduino_py_examples/lib/arduino_py_examples

Installed /workspaces/scott_udemy_ros2/scott_docker_volume/arduinobot_ws/build/arduino_py_examples
running symlink_data
creating /workspaces/scott_udemy_ros2/scott_docker_volume/arduinobot_ws/install/arduino_py_examples/share/ament_index
creating /workspaces/scott_udemy_ros2/scott_docker_volume/arduinobot_ws/install/arduino_py_examples/share/ament_index/resource_index
creating /workspaces/scott_udemy_ros2/scott_docker_volume/arduinobot_ws/install/arduino_py_examples/share/ament_index/resource_index/packages
symbolically linking /workspaces/scott_udemy_ros2/scott_docker_volume/arduinobot_ws/build/arduino_py_examples/resource/arduino_py_examples -> /workspaces/scott_udemy_ros2/scott_docker_volume/arduinobot_ws/install/arduino_py_examples/share/ament_index/resource_index/packages
symbolically linking /workspaces/scott_udemy_ros2/scott_docker_volume/arduinobot_ws/build/arduino_py_examples/package.xml -> /workspaces/scott_udemy_ros2/scott_docker_volume/arduinobot_ws/install/arduino_py_examples/share/arduino_py_examples
