[0.011s] Invoking command in '/workspaces/scott_udemy_ros2/scott_docker_volume/arduinobot_ws/build/arduinobot_cpp_examples': CMAKE_PREFIX_PATH=${CMAKE_PREFIX_PATH}:/workspaces/scott_udemy_ros2/scott_docker_volume/arduinobot_ws/install/arduino_py_examples:/workspaces/scott_udemy_ros2/install/arduino_py_examples:/opt/ros/jazzy /usr/bin/cmake /workspaces/scott_udemy_ros2/scott_docker_volume/arduinobot_ws/src/arduinobot_cpp_examples -DAMENT_CMAKE_SYMLINK_INSTALL=1 -DCMAKE_INSTALL_PREFIX=/workspaces/scott_udemy_ros2/scott_docker_volume/arduinobot_ws/install/arduinobot_cpp_examples
[0.025s] -- Found ament_cmake: 2.5.2 (/opt/ros/jazzy/share/ament_cmake/cmake)
[0.203s] -- Override CMake install command with custom implementation using symlinks instead of copying resources
[0.214s] -- Found ament_lint_auto: 0.17.1 (/opt/ros/jazzy/share/ament_lint_auto/cmake)
[0.291s] -- Added test 'lint_cmake' to check CMake code style
[0.291s] -- Added test 'xmllint' to check XML markup files
[0.292s] -- Configuring done (0.3s)
[0.294s] -- Generating done (0.0s)
[0.294s] -- Build files have been written to: /workspaces/scott_udemy_ros2/scott_docker_volume/arduinobot_ws/build/arduinobot_cpp_examples
[0.297s] Invoked command in '/workspaces/scott_udemy_ros2/scott_docker_volume/arduinobot_ws/build/arduinobot_cpp_examples' returned '0': CMAKE_PREFIX_PATH=${CMAKE_PREFIX_PATH}:/workspaces/scott_udemy_ros2/scott_docker_volume/arduinobot_ws/install/arduino_py_examples:/workspaces/scott_udemy_ros2/install/arduino_py_examples:/opt/ros/jazzy /usr/bin/cmake /workspaces/scott_udemy_ros2/scott_docker_volume/arduinobot_ws/src/arduinobot_cpp_examples -DAMENT_CMAKE_SYMLINK_INSTALL=1 -DCMAKE_INSTALL_PREFIX=/workspaces/scott_udemy_ros2/scott_docker_volume/arduinobot_ws/install/arduinobot_cpp_examples
[0.299s] Invoking command in '/workspaces/scott_udemy_ros2/scott_docker_volume/arduinobot_ws/build/arduinobot_cpp_examples': CMAKE_PREFIX_PATH=${CMAKE_PREFIX_PATH}:/workspaces/scott_udemy_ros2/scott_docker_volume/arduinobot_ws/install/arduino_py_examples:/workspaces/scott_udemy_ros2/install/arduino_py_examples:/opt/ros/jazzy /usr/bin/cmake --build /workspaces/scott_udemy_ros2/scott_docker_volume/arduinobot_ws/build/arduinobot_cpp_examples -- -j24 -l24
[0.339s] Invoked command in '/workspaces/scott_udemy_ros2/scott_docker_volume/arduinobot_ws/build/arduinobot_cpp_examples' returned '0': CMAKE_PREFIX_PATH=${CMAKE_PREFIX_PATH}:/workspaces/scott_udemy_ros2/scott_docker_volume/arduinobot_ws/install/arduino_py_examples:/workspaces/scott_udemy_ros2/install/arduino_py_examples:/opt/ros/jazzy /usr/bin/cmake --build /workspaces/scott_udemy_ros2/scott_docker_volume/arduinobot_ws/build/arduinobot_cpp_examples -- -j24 -l24
[0.369s] Invoking command in '/workspaces/scott_udemy_ros2/scott_docker_volume/arduinobot_ws/build/arduinobot_cpp_examples': CMAKE_PREFIX_PATH=${CMAKE_PREFIX_PATH}:/workspaces/scott_udemy_ros2/scott_docker_volume/arduinobot_ws/install/arduino_py_examples:/workspaces/scott_udemy_ros2/install/arduino_py_examples:/opt/ros/jazzy /usr/bin/cmake --install /workspaces/scott_udemy_ros2/scott_docker_volume/arduinobot_ws/build/arduinobot_cpp_examples
[0.377s] -- Install configuration: ""
[0.377s] -- Execute custom install script
[0.378s] -- Up-to-date symlink: /workspaces/scott_udemy_ros2/scott_docker_volume/arduinobot_ws/install/arduinobot_cpp_examples/share/ament_index/resource_index/package_run_dependencies/arduinobot_cpp_examples
[0.378s] -- Up-to-date symlink: /workspaces/scott_udemy_ros2/scott_docker_volume/arduinobot_ws/install/arduinobot_cpp_examples/share/ament_index/resource_index/parent_prefix_path/arduinobot_cpp_examples
[0.378s] -- Up-to-date symlink: /workspaces/scott_udemy_ros2/scott_docker_volume/arduinobot_ws/install/arduinobot_cpp_examples/share/arduinobot_cpp_examples/environment/ament_prefix_path.sh
[0.378s] -- Up-to-date symlink: /workspaces/scott_udemy_ros2/scott_docker_volume/arduinobot_ws/install/arduinobot_cpp_examples/share/arduinobot_cpp_examples/environment/ament_prefix_path.dsv
[0.378s] -- Up-to-date symlink: /workspaces/scott_udemy_ros2/scott_docker_volume/arduinobot_ws/install/arduinobot_cpp_examples/share/arduinobot_cpp_examples/environment/path.sh
[0.379s] -- Up-to-date symlink: /workspaces/scott_udemy_ros2/scott_docker_volume/arduinobot_ws/install/arduinobot_cpp_examples/share/arduinobot_cpp_examples/environment/path.dsv
[0.379s] -- Up-to-date symlink: /workspaces/scott_udemy_ros2/scott_docker_volume/arduinobot_ws/install/arduinobot_cpp_examples/share/arduinobot_cpp_examples/local_setup.bash
[0.379s] -- Up-to-date symlink: /workspaces/scott_udemy_ros2/scott_docker_volume/arduinobot_ws/install/arduinobot_cpp_examples/share/arduinobot_cpp_examples/local_setup.sh
[0.379s] -- Up-to-date symlink: /workspaces/scott_udemy_ros2/scott_docker_volume/arduinobot_ws/install/arduinobot_cpp_examples/share/arduinobot_cpp_examples/local_setup.zsh
[0.379s] -- Up-to-date symlink: /workspaces/scott_udemy_ros2/scott_docker_volume/arduinobot_ws/install/arduinobot_cpp_examples/share/arduinobot_cpp_examples/local_setup.dsv
[0.379s] -- Symlinking: /workspaces/scott_udemy_ros2/scott_docker_volume/arduinobot_ws/install/arduinobot_cpp_examples/share/arduinobot_cpp_examples/package.dsv
[0.389s] -- Up-to-date symlink: /workspaces/scott_udemy_ros2/scott_docker_volume/arduinobot_ws/install/arduinobot_cpp_examples/share/ament_index/resource_index/packages/arduinobot_cpp_examples
[0.389s] -- Up-to-date symlink: /workspaces/scott_udemy_ros2/scott_docker_volume/arduinobot_ws/install/arduinobot_cpp_examples/share/arduinobot_cpp_examples/cmake/arduinobot_cpp_examplesConfig.cmake
[0.389s] -- Up-to-date symlink: /workspaces/scott_udemy_ros2/scott_docker_volume/arduinobot_ws/install/arduinobot_cpp_examples/share/arduinobot_cpp_examples/cmake/arduinobot_cpp_examplesConfig-version.cmake
[0.389s] -- Up-to-date symlink: /workspaces/scott_udemy_ros2/scott_docker_volume/arduinobot_ws/install/arduinobot_cpp_examples/share/arduinobot_cpp_examples/package.xml
[0.391s] Invoked command in '/workspaces/scott_udemy_ros2/scott_docker_volume/arduinobot_ws/build/arduinobot_cpp_examples' returned '0': CMAKE_PREFIX_PATH=${CMAKE_PREFIX_PATH}:/workspaces/scott_udemy_ros2/scott_docker_volume/arduinobot_ws/install/arduino_py_examples:/workspaces/scott_udemy_ros2/install/arduino_py_examples:/opt/ros/jazzy /usr/bin/cmake --install /workspaces/scott_udemy_ros2/scott_docker_volume/arduinobot_ws/build/arduinobot_cpp_examples
